13:25:45: Creating resource group General
13:25:45: Creating resource group Internal
13:25:45: Creating resource group Autodetect
13:25:45: SceneManagerFactory for type 'DefaultSceneManager' registered.
13:25:45: Registering ResourceManager for type Material
13:25:45: Registering ResourceManager for type Mesh
13:25:45: Registering ResourceManager for type Skeleton
13:25:45: MovableObjectFactory for type 'ParticleSystem' registered.
13:25:45: OverlayElementFactory for type Panel registered.
13:25:45: OverlayElementFactory for type BorderPanel registered.
13:25:45: OverlayElementFactory for type TextArea registered.
13:25:45: Registering ResourceManager for type Font
13:25:45: ArchiveFactory for archive type FileSystem registered.
13:25:45: ArchiveFactory for archive type Zip registered.
13:25:45: DDS codec registering
13:25:45: FreeImage version: 3.15.1
13:25:45: This program uses FreeImage, a free, open source image library supporting all common bitmap formats. See http://freeimage.sourceforge.net for details
13:25:45: Supported formats: bmp,ico,jpg,jif,jpeg,jpe,jng,koa,iff,lbm,mng,pbm,pbm,pcd,pcx,pgm,pgm,png,ppm,ppm,ras,tga,targa,tif,tiff,wap,wbmp,wbm,psd,cut,xbm,xpm,gif,hdr,g3,sgi,exr,j2k,j2c,jp2,pfm,pct,pict,pic,3fr,arw,bay,bmq,cap,cine,cr2,crw,cs1,dc2,dcr,drf,dsc,dng,erf,fff,ia,iiq,k25,kc2,kdc,mdc,mef,mos,mrw,nef,nrw,orf,pef,ptx,pxn,qtk,raf,raw,rdc,rw2,rwl,rwz,sr2,srf,sti
13:25:45: Registering ResourceManager for type HighLevelGpuProgram
13:25:45: Registering ResourceManager for type Compositor
13:25:45: MovableObjectFactory for type 'Entity' registered.
13:25:45: MovableObjectFactory for type 'Light' registered.
13:25:45: MovableObjectFactory for type 'BillboardSet' registered.
13:25:45: MovableObjectFactory for type 'ManualObject' registered.
13:25:45: MovableObjectFactory for type 'BillboardChain' registered.
13:25:45: MovableObjectFactory for type 'RibbonTrail' registered.
13:25:45: Loading library .\RenderSystem_Direct3D9
13:25:45: Installing plugin: D3D9 RenderSystem
13:25:45: D3D9 : Direct3D9 Rendering Subsystem created.
13:25:45: D3D9: Driver Detection Starts
13:25:45: D3D9: Driver Detection Ends
13:25:45: Plugin successfully installed
13:25:45: Loading library .\Plugin_ParticleFX
13:25:45: Installing plugin: ParticleFX
13:25:45: Particle Emitter Type 'Point' registered
13:25:45: Particle Emitter Type 'Box' registered
13:25:45: Particle Emitter Type 'Ellipsoid' registered
13:25:45: Particle Emitter Type 'Cylinder' registered
13:25:45: Particle Emitter Type 'Ring' registered
13:25:45: Particle Emitter Type 'HollowEllipsoid' registered
13:25:45: Particle Affector Type 'LinearForce' registered
13:25:45: Particle Affector Type 'ColourFader' registered
13:25:45: Particle Affector Type 'ColourFader2' registered
13:25:45: Particle Affector Type 'ColourImage' registered
13:25:45: Particle Affector Type 'ColourInterpolator' registered
13:25:45: Particle Affector Type 'Scaler' registered
13:25:45: Particle Affector Type 'Rotator' registered
13:25:45: Particle Affector Type 'DirectionRandomiser' registered
13:25:45: Particle Affector Type 'DeflectorPlane' registered
13:25:45: Plugin successfully installed
13:25:45: Loading library .\Plugin_CgProgramManager
13:25:45: Installing plugin: Cg Program Manager
13:25:45: Plugin successfully installed
13:25:45: *-*-* OGRE Initialising
13:25:45: *-*-* Version 1.7.4 (Cthugha)
13:25:45: Added resource location '../../media' of type 'FileSystem' to resource group 'General'
13:25:45: Creating resource group Essential
13:25:45: Added resource location '../../media/thumbnails' of type 'FileSystem' to resource group 'Essential'
13:25:45: Added resource location '../../media/packs/SdkTrays.zip' of type 'Zip' to resource group 'Essential'
13:25:45: Creating resource group Popular
13:25:45: Added resource location '../../media/materials/programs' of type 'FileSystem' to resource group 'Popular'
13:25:45: Added resource location '../../media/materials/scripts' of type 'FileSystem' to resource group 'Popular'
13:25:45: Added resource location '../../media/materials/textures' of type 'FileSystem' to resource group 'Popular'
13:25:45: Added resource location '../../media/models' of type 'FileSystem' to resource group 'Popular'
13:25:45: D3D9 : RenderSystem Option: Allow NVPerfHUD = No
13:25:45: D3D9 : RenderSystem Option: FSAA = 0
13:25:45: D3D9 : RenderSystem Option: Floating-point mode = Fastest
13:25:45: D3D9 : RenderSystem Option: Full Screen = No
13:25:45: D3D9 : RenderSystem Option: Rendering Device = Monitor-1-NVIDIA GeForce GTS 450
13:25:45: D3D9 : RenderSystem Option: Resource Creation Policy = Create on all devices
13:25:45: D3D9 : RenderSystem Option: VSync = No
13:25:45: D3D9 : RenderSystem Option: VSync Interval = 1
13:25:45: D3D9 : RenderSystem Option: Video Mode = 800 x 600 @ 32-bit colour
13:25:45: D3D9 : RenderSystem Option: sRGB Gamma Conversion = No
13:25:45: D3D9 : RenderSystem Option: Rendering Device = Monitor-1-RDPDD Chained DD
13:25:48: CPU Identifier & Features
13:25:48: -------------------------
13:25:48:  *   CPU ID: AuthenticAMD: AMD Athlon(tm) II X4 630 Processor
13:25:48:  *      SSE: yes
13:25:48:  *     SSE2: yes
13:25:48:  *     SSE3: yes
13:25:48:  *      MMX: yes
13:25:48:  *   MMXEXT: yes
13:25:48:  *    3DNOW: yes
13:25:48:  * 3DNOWEXT: yes
13:25:48:  *     CMOV: yes
13:25:48:  *      TSC: yes
13:25:48:  *      FPU: yes
13:25:48:  *      PRO: yes
13:25:48:  *       HT: no
13:25:48: -------------------------
13:25:48: D3D9 : Subsystem Initialising
13:25:48: Registering ResourceManager for type Texture
13:25:48: Registering ResourceManager for type GpuProgram
13:25:48: D3D9RenderSystem::_createRenderWindow "GalaxyEngine Render Window", 800x600 windowed  miscParams: FSAA=0 FSAAHint= colourDepth=32 gamma=false monitorIndex=0 useNVPerfHUD=false vsync=false vsyncInterval=1 
13:25:48: D3D9 : Created D3D9 Rendering Window 'GalaxyEngine Render Window' : 800x600, 32bpp
13:25:48: D3D9 : WARNING - disabling VSync in windowed mode can cause timing issues at lower frame rates, turn VSync on if you observe this problem.
13:25:48: D3D9: Vertex texture format supported - PF_A8R8G8B8
13:25:48: D3D9: Vertex texture format supported - PF_B8G8R8A8
13:25:48: D3D9: Vertex texture format supported - PF_FLOAT16_RGB
13:25:48: D3D9: Vertex texture format supported - PF_FLOAT16_RGBA
13:25:48: D3D9: Vertex texture format supported - PF_FLOAT32_RGB
13:25:48: D3D9: Vertex texture format supported - PF_FLOAT32_RGBA
13:25:48: D3D9: Vertex texture format supported - PF_R8G8B8A8
13:25:48: D3D9: Vertex texture format supported - PF_DEPTH
13:25:48: D3D9: Vertex texture format supported - PF_FLOAT16_R
13:25:48: D3D9: Vertex texture format supported - PF_FLOAT32_R
13:25:48: D3D9: Vertex texture format supported - PF_FLOAT16_GR
13:25:48: D3D9: Vertex texture format supported - PF_FLOAT32_GR
13:25:48: D3D9: Vertex texture format supported - PF_PVRTC_RGB2
13:25:48: D3D9: Vertex texture format supported - PF_PVRTC_RGBA2
13:25:48: D3D9: Vertex texture format supported - PF_PVRTC_RGB4
13:25:48: D3D9: Vertex texture format supported - PF_PVRTC_RGBA4
13:25:48: RenderSystem capabilities
13:25:48: -------------------------
13:25:48: RenderSystem Name: Direct3D9 Rendering Subsystem
13:25:48: GPU Vendor: unknown
13:25:48: Device Name: Monitor-1-RDPDD Chained DD
13:25:48: Driver Version: 8.17.12.9610
13:25:48:  * Fixed function pipeline: yes
13:25:48:  * Hardware generation of mipmaps: yes
13:25:48:  * Texture blending: yes
13:25:48:  * Anisotropic texture filtering: yes
13:25:48:  * Dot product texture operation: yes
13:25:48:  * Cube mapping: yes
13:25:48:  * Hardware stencil buffer: yes
13:25:48:    - Stencil depth: 8
13:25:48:    - Two sided stencil support: yes
13:25:48:    - Wrap stencil values: yes
13:25:48:  * Hardware vertex / index buffers: yes
13:25:48:  * Vertex programs: yes
13:25:48:  * Number of floating-point constants for vertex programs: 256
13:25:48:  * Number of integer constants for vertex programs: 16
13:25:48:  * Number of boolean constants for vertex programs: 16
13:25:48:  * Fragment programs: yes
13:25:48:  * Number of floating-point constants for fragment programs: 224
13:25:48:  * Number of integer constants for fragment programs: 16
13:25:48:  * Number of boolean constants for fragment programs: 16
13:25:48:  * Geometry programs: no
13:25:48:  * Number of floating-point constants for geometry programs: 28781
13:25:48:  * Number of integer constants for geometry programs: 25964
13:25:48:  * Number of boolean constants for geometry programs: 27728
13:25:48:  * Supported Shader Profiles: hlsl ps_1_1 ps_1_2 ps_1_3 ps_1_4 ps_2_0 ps_2_a ps_2_b ps_2_x ps_3_0 vs_1_1 vs_2_0 vs_2_a vs_2_x vs_3_0
13:25:48:  * Texture Compression: yes
13:25:48:    - DXT: yes
13:25:48:    - VTC: no
13:25:48:    - PVRTC: no
13:25:48:  * Scissor Rectangle: yes
13:25:48:  * Hardware Occlusion Query: yes
13:25:48:  * User clip planes: yes
13:25:48:  * VET_UBYTE4 vertex element type: yes
13:25:48:  * Infinite far plane projection: yes
13:25:48:  * Hardware render-to-texture: yes
13:25:48:  * Floating point textures: yes
13:25:48:  * Non-power-of-two textures: yes
13:25:48:  * Volume textures: yes
13:25:48:  * Multiple Render Targets: 4
13:25:48:    - With different bit depths: yes
13:25:48:  * Point Sprites: yes
13:25:48:  * Extended point parameters: yes
13:25:48:  * Max Point Size: 10
13:25:48:  * Vertex texture fetch: yes
13:25:48:  * Number of world matrices: 0
13:25:48:  * Number of texture units: 8
13:25:48:  * Stencil buffer depth: 8
13:25:48:  * Number of vertex blend matrices: 0
13:25:48:    - Max vertex textures: 4
13:25:48:    - Vertex textures shared: no
13:25:48:  * Render to Vertex Buffer : no
13:25:48:  * DirectX per stage constants: yes
13:25:48: ***************************************
13:25:48: *** D3D9 : Subsystem Initialised OK ***
13:25:48: ***************************************
13:25:48: DefaultWorkQueue('Root') initialising on thread 00419620.
13:25:48: DefaultWorkQueue('Root')::WorkerFunc - thread 00435768 starting.
13:25:48: DefaultWorkQueue('Root')::WorkerFunc - thread 004357D8 starting.
13:25:48: Particle Renderer Type 'billboard' registered
13:25:48: DefaultWorkQueue('Root')::WorkerFunc - thread 00435B58 starting.
13:25:48: DefaultWorkQueue('Root')::WorkerFunc - thread 00435ED8 starting.
13:25:48: Initialising resource group Essential
13:25:48: Parsing scripts for resource group Essential
13:25:48: Parsing script SdkTrays.material
13:25:48: Parsing script SdkTrays.fontdef
13:25:48: Parsing script SdkTrays.overlay
13:25:48: Bad element attribute line: '# you can offset the image to change the cursor "hotspot"' for element SdkTrays/Cursor in overlay 
13:25:48: Texture: sdk_cursor.png: Loading 1 faces(PF_A8R8G8B8,32x32x1) with  hardware generated mipmaps from Image. Internal format is PF_A8R8G8B8,32x32x1.
13:25:48: Texture: sdk_tray.png: Loading 1 faces(PF_A8R8G8B8,64x64x1) with  hardware generated mipmaps from Image. Internal format is PF_A8R8G8B8,64x64x1.
13:25:48: Texture: sdk_button_up.png: Loading 1 faces(PF_A8R8G8B8,128x32x1) with  hardware generated mipmaps from Image. Internal format is PF_A8R8G8B8,128x32x1.
13:25:48: Texture: sdk_text_box.png: Loading 1 faces(PF_A8R8G8B8,32x32x1) with  hardware generated mipmaps from Image. Internal format is PF_A8R8G8B8,32x32x1.
13:25:48: Texture: sdk_mini_tray.png: Loading 1 faces(PF_A8R8G8B8,32x32x1) with  hardware generated mipmaps from Image. Internal format is PF_A8R8G8B8,32x32x1.
13:25:48: Texture: sdk_track.png: Loading 1 faces(PF_A8R8G8B8,16x32x1) with  hardware generated mipmaps from Image. Internal format is PF_A8R8G8B8,16x32x1.
13:25:48: Texture: sdk_handle.png: Loading 1 faces(PF_A8R8G8B8,16x16x1) with  hardware generated mipmaps from Image. Internal format is PF_A8R8G8B8,16x16x1.
13:25:48: Texture: sdk_mini_text_box.png: Loading 1 faces(PF_A8R8G8B8,32x32x1) with  hardware generated mipmaps from Image. Internal format is PF_A8R8G8B8,32x32x1.
13:25:48: Texture: sdk_label.png: Loading 1 faces(PF_A8R8G8B8,32x32x1) with  hardware generated mipmaps from Image. Internal format is PF_A8R8G8B8,32x32x1.
13:25:48: Texture: sdk_separator.png: Loading 1 faces(PF_A8R8G8B8,64x16x1) with  hardware generated mipmaps from Image. Internal format is PF_A8R8G8B8,64x16x1.
13:25:48: Texture: sdk_logo.png: Loading 1 faces(PF_A8R8G8B8,128x64x1) with  hardware generated mipmaps from Image. Internal format is PF_A8R8G8B8,128x64x1.
13:25:48: Texture: sdk_shade.png: Loading 1 faces(PF_A8R8G8B8,64x48x1) with 5 generated mipmaps from Image. Internal format is PF_A8R8G8B8,64x48x1.
13:25:48: Texture: sdk_frame.png: Loading 1 faces(PF_A8R8G8B8,32x32x1) with  hardware generated mipmaps from Image. Internal format is PF_A8R8G8B8,32x32x1.
13:25:48: Texture: sdk_mini_text_box_over.png: Loading 1 faces(PF_A8R8G8B8,32x32x1) with  hardware generated mipmaps from Image. Internal format is PF_A8R8G8B8,32x32x1.
13:25:48: Texture: sdk_pulse.png: Loading 1 faces(PF_R8G8B8,8x1x1) with  hardware generated mipmaps from Image. Internal format is PF_X8R8G8B8,8x1x1.
13:25:48: Finished parsing scripts for resource group Essential
13:25:48: *** Initializing OIS ***
13:25:48: Parsing scripts for resource group Autodetect
13:25:48: Font SdkTrays/Captionusing texture size 512x256
13:25:48: Info: Freetype returned null for character 160 in font SdkTrays/Caption
13:25:48: Texture: SdkTrays/CaptionTexture: Loading 1 faces(PF_BYTE_LA,512x256x1) with 0 generated mipmaps from Image. Internal format is PF_BYTE_LA,512x256x1.
13:25:48: Font SdkTrays/Valueusing texture size 512x256
13:25:48: Info: Freetype returned null for character 127 in font SdkTrays/Value
13:25:48: Info: Freetype returned null for character 128 in font SdkTrays/Value
13:25:48: Info: Freetype returned null for character 129 in font SdkTrays/Value
13:25:48: Info: Freetype returned null for character 130 in font SdkTrays/Value
13:25:48: Info: Freetype returned null for character 131 in font SdkTrays/Value
13:25:48: Info: Freetype returned null for character 132 in font SdkTrays/Value
13:25:48: Info: Freetype returned null for character 133 in font SdkTrays/Value
13:25:48: Info: Freetype returned null for character 134 in font SdkTrays/Value
13:25:48: Info: Freetype returned null for character 135 in font SdkTrays/Value
13:25:48: Info: Freetype returned null for character 136 in font SdkTrays/Value
13:25:48: Info: Freetype returned null for character 137 in font SdkTrays/Value
13:25:48: Info: Freetype returned null for character 138 in font SdkTrays/Value
13:25:48: Info: Freetype returned null for character 139 in font SdkTrays/Value
13:25:48: Info: Freetype returned null for character 140 in font SdkTrays/Value
13:25:48: Info: Freetype returned null for character 141 in font SdkTrays/Value
13:25:48: Info: Freetype returned null for character 142 in font SdkTrays/Value
13:25:48: Info: Freetype returned null for character 143 in font SdkTrays/Value
13:25:48: Info: Freetype returned null for character 144 in font SdkTrays/Value
13:25:48: Info: Freetype returned null for character 145 in font SdkTrays/Value
13:25:48: Info: Freetype returned null for character 146 in font SdkTrays/Value
13:25:48: Info: Freetype returned null for character 147 in font SdkTrays/Value
13:25:48: Info: Freetype returned null for character 148 in font SdkTrays/Value
13:25:48: Info: Freetype returned null for character 149 in font SdkTrays/Value
13:25:48: Info: Freetype returned null for character 150 in font SdkTrays/Value
13:25:48: Info: Freetype returned null for character 151 in font SdkTrays/Value
13:25:48: Info: Freetype returned null for character 152 in font SdkTrays/Value
13:25:48: Info: Freetype returned null for character 153 in font SdkTrays/Value
13:25:48: Info: Freetype returned null for character 154 in font SdkTrays/Value
13:25:48: Info: Freetype returned null for character 155 in font SdkTrays/Value
13:25:48: Info: Freetype returned null for character 156 in font SdkTrays/Value
13:25:48: Info: Freetype returned null for character 157 in font SdkTrays/Value
13:25:48: Info: Freetype returned null for character 158 in font SdkTrays/Value
13:25:48: Info: Freetype returned null for character 159 in font SdkTrays/Value
13:25:48: Info: Freetype returned null for character 160 in font SdkTrays/Value
13:25:48: Texture: SdkTrays/ValueTexture: Loading 1 faces(PF_BYTE_LA,512x256x1) with 0 generated mipmaps from Image. Internal format is PF_BYTE_LA,512x256x1.
13:25:48: Finished parsing scripts for resource group Autodetect
13:25:48: Parsing scripts for resource group General
13:25:48: Parsing script universe.object
13:25:48: Parsing script universe_old.object
13:25:48: Finished parsing scripts for resource group General
13:25:48: Parsing scripts for resource group Internal
13:25:48: Finished parsing scripts for resource group Internal
13:25:48: Parsing scripts for resource group Popular
13:25:48: Parsing script Defs.program
13:25:48: Parsing script bomberman.material
13:25:48: Finished parsing scripts for resource group Popular
13:25:48: Mesh: Loading bomberman.mesh.
13:25:48: Skeleton: Loading bomberman.skeleton
13:25:48: Texture: Bombermap.tga: Loading 1 faces(PF_A8R8G8B8,1000x1000x1) with 5 generated mipmaps from Image. Internal format is PF_A8R8G8B8,1000x1000x1.
13:25:49: Creating resource group Universe
13:25:49: Added resource location '../../media/universe' of type 'FileSystem' to resource group 'Universe'
13:25:49: Initialising resource group Universe
13:25:49: Parsing scripts for resource group Universe
13:25:49: Parsing script moon.object
13:25:49: Parsing script planet2.object
13:25:49: Parsing script planet2_old.object
13:25:49: Finished parsing scripts for resource group Universe
13:25:49: Creating resource group Planet
13:25:49: Added resource location '../../media/universe/Planet2' of type 'FileSystem' to resource group 'Planet'
13:25:49: Initialising resource group Planet
13:25:49: Parsing scripts for resource group Planet
13:25:49: Finished parsing scripts for resource group Planet
13:25:49: D3D9 : Loading 2D Texture, image name : 'Planet2_norm_atlas.dds' with 5 mip map levels
13:25:49: D3D9 : Loading 2D Texture, image name : 'Planet2_color_atlas.dds' with 5 mip map levels
13:25:49: Texture: norm_front.png: Loading 1 faces(PF_R8G8B8,1024x1024x1) with  hardware generated mipmaps from Image. Internal format is PF_X8R8G8B8,1024x1024x1.
13:25:49: Texture: norm_right.png: Loading 1 faces(PF_R8G8B8,1024x1024x1) with  hardware generated mipmaps from Image. Internal format is PF_X8R8G8B8,1024x1024x1.
13:25:49: Texture: norm_left.png: Loading 1 faces(PF_R8G8B8,1024x1024x1) with  hardware generated mipmaps from Image. Internal format is PF_X8R8G8B8,1024x1024x1.
13:25:50: Texture: norm_back.png: Loading 1 faces(PF_R8G8B8,1024x1024x1) with  hardware generated mipmaps from Image. Internal format is PF_X8R8G8B8,1024x1024x1.
13:25:50: D3D9 : Loading 2D Texture, image name : 'color_front.dds' with 5 mip map levels
13:25:50: D3D9 : Loading 2D Texture, image name : 'color_back.dds' with 5 mip map levels
13:25:50: D3D9 : Loading 2D Texture, image name : 'color_right.dds' with 5 mip map levels
13:25:50: Texture: norm_top.png: Loading 1 faces(PF_R8G8B8,1024x1024x1) with  hardware generated mipmaps from Image. Internal format is PF_X8R8G8B8,1024x1024x1.
13:25:50: Texture: norm_bottom.png: Loading 1 faces(PF_R8G8B8,1024x1024x1) with  hardware generated mipmaps from Image. Internal format is PF_X8R8G8B8,1024x1024x1.
13:25:50: D3D9 : Loading 2D Texture, image name : 'color_top.dds' with 5 mip map levels
13:25:50: D3D9 : Loading 2D Texture, image name : 'color_left.dds' with 5 mip map levels
13:25:50: D3D9 : Loading 2D Texture, image name : 'color_bottom.dds' with 5 mip map levels
13:26:12: DefaultWorkQueue('Root') shutting down on thread 00419620.
13:26:12: DefaultWorkQueue('Root')::WorkerFunc - thread 00435ED8 stopped.
13:26:12: DefaultWorkQueue('Root')::WorkerFunc - thread 004357D8 stopped.
13:26:12: DefaultWorkQueue('Root')::WorkerFunc - thread 00435768 stopped.
13:26:12: DefaultWorkQueue('Root')::WorkerFunc - thread 00435B58 stopped.
13:26:12: *-*-* OGRE Shutdown
13:26:12: Unregistering ResourceManager for type Compositor
13:26:12: Unregistering ResourceManager for type Font
13:26:12: Unregistering ResourceManager for type Skeleton
13:26:12: Unregistering ResourceManager for type Mesh
13:26:12: Unregistering ResourceManager for type HighLevelGpuProgram
13:26:12: Uninstalling plugin: Cg Program Manager
13:26:12: Plugin successfully uninstalled
13:26:12: Unloading library .\Plugin_CgProgramManager
13:26:12: Uninstalling plugin: ParticleFX
13:26:12: Plugin successfully uninstalled
13:26:12: Unloading library .\Plugin_ParticleFX
13:26:12: Uninstalling plugin: D3D9 RenderSystem
13:26:12: D3D9 device: 0x[035B9340] destroy. Releasing D3D9 texture: star_noise
13:26:12: Released D3D9 texture: star_noise
13:26:12: D3D9 device: 0x[035B9340] destroy. Releasing D3D9 texture: norm_top.png
13:26:12: Released D3D9 texture: norm_top.png
13:26:12: D3D9 device: 0x[035B9340] destroy. Releasing D3D9 texture: Planet2_norm_atlas.dds
13:26:12: Released D3D9 texture: Planet2_norm_atlas.dds
13:26:12: D3D9 device: 0x[035B9340] destroy. Releasing D3D9 texture: color_top.dds
13:26:12: Released D3D9 texture: color_top.dds
13:26:12: D3D9 device: 0x[035B9340] destroy. Releasing D3D9 texture: Planet2_color_atlas.dds
13:26:12: Released D3D9 texture: Planet2_color_atlas.dds
13:26:12: D3D9 : Shutting down cleanly.
13:26:12: Unregistering ResourceManager for type Texture
13:26:12: Unregistering ResourceManager for type GpuProgram
13:26:12: D3D9 : Direct3D9 Rendering Subsystem destroyed.
13:26:12: Plugin successfully uninstalled
13:26:12: Unloading library .\RenderSystem_Direct3D9
13:26:12: Unregistering ResourceManager for type Material
