22:49:50: Creating resource group General
22:49:50: Creating resource group Internal
22:49:50: Creating resource group Autodetect
22:49:50: SceneManagerFactory for type 'DefaultSceneManager' registered.
22:49:50: Registering ResourceManager for type Material
22:49:50: Registering ResourceManager for type Mesh
22:49:50: Registering ResourceManager for type Skeleton
22:49:50: MovableObjectFactory for type 'ParticleSystem' registered.
22:49:50: OverlayElementFactory for type Panel registered.
22:49:50: OverlayElementFactory for type BorderPanel registered.
22:49:50: OverlayElementFactory for type TextArea registered.
22:49:50: Registering ResourceManager for type Font
22:49:50: ArchiveFactory for archive type FileSystem registered.
22:49:50: ArchiveFactory for archive type Zip registered.
22:49:50: DDS codec registering
22:49:50: FreeImage version: 3.15.1
22:49:50: This program uses FreeImage, a free, open source image library supporting all common bitmap formats. See http://freeimage.sourceforge.net for details
22:49:50: Supported formats: bmp,ico,jpg,jif,jpeg,jpe,jng,koa,iff,lbm,mng,pbm,pbm,pcd,pcx,pgm,pgm,png,ppm,ppm,ras,tga,targa,tif,tiff,wap,wbmp,wbm,psd,cut,xbm,xpm,gif,hdr,g3,sgi,exr,j2k,j2c,jp2,pfm,pct,pict,pic,3fr,arw,bay,bmq,cap,cine,cr2,crw,cs1,dc2,dcr,drf,dsc,dng,erf,fff,ia,iiq,k25,kc2,kdc,mdc,mef,mos,mrw,nef,nrw,orf,pef,ptx,pxn,qtk,raf,raw,rdc,rw2,rwl,rwz,sr2,srf,sti
22:49:50: Registering ResourceManager for type HighLevelGpuProgram
22:49:50: Registering ResourceManager for type Compositor
22:49:50: MovableObjectFactory for type 'Entity' registered.
22:49:50: MovableObjectFactory for type 'Light' registered.
22:49:50: MovableObjectFactory for type 'BillboardSet' registered.
22:49:50: MovableObjectFactory for type 'ManualObject' registered.
22:49:50: MovableObjectFactory for type 'BillboardChain' registered.
22:49:50: MovableObjectFactory for type 'RibbonTrail' registered.
22:49:50: Loading library .\RenderSystem_Direct3D9_d
22:49:50: Installing plugin: D3D9 RenderSystem
22:49:50: D3D9 : Direct3D9 Rendering Subsystem created.
22:49:50: D3D9: Driver Detection Starts
22:49:50: D3D9: Driver Detection Ends
22:49:50: Plugin successfully installed
22:49:50: Loading library .\Plugin_ParticleFX_d
22:49:50: Installing plugin: ParticleFX
22:49:50: Particle Emitter Type 'Point' registered
22:49:50: Particle Emitter Type 'Box' registered
22:49:50: Particle Emitter Type 'Ellipsoid' registered
22:49:50: Particle Emitter Type 'Cylinder' registered
22:49:50: Particle Emitter Type 'Ring' registered
22:49:50: Particle Emitter Type 'HollowEllipsoid' registered
22:49:50: Particle Affector Type 'LinearForce' registered
22:49:50: Particle Affector Type 'ColourFader' registered
22:49:50: Particle Affector Type 'ColourFader2' registered
22:49:50: Particle Affector Type 'ColourImage' registered
22:49:50: Particle Affector Type 'ColourInterpolator' registered
22:49:50: Particle Affector Type 'Scaler' registered
22:49:50: Particle Affector Type 'Rotator' registered
22:49:50: Particle Affector Type 'DirectionRandomiser' registered
22:49:50: Particle Affector Type 'DeflectorPlane' registered
22:49:50: Plugin successfully installed
22:49:50: Loading library .\Plugin_CgProgramManager_d
22:49:50: Installing plugin: Cg Program Manager
22:49:50: Plugin successfully installed
22:49:50: *-*-* OGRE Initialising
22:49:50: *-*-* Version 1.7.4 (Cthugha)
22:49:50: Added resource location '../../media' of type 'FileSystem' to resource group 'General'
22:49:50: Creating resource group Essential
22:49:50: Added resource location '../../media/thumbnails' of type 'FileSystem' to resource group 'Essential'
22:49:50: Added resource location '../../media/packs/SdkTrays.zip' of type 'Zip' to resource group 'Essential'
22:49:50: Added resource location '../../media/packs/SkyBoxes.zip' of type 'Zip' to resource group 'General'
22:49:50: Creating resource group Popular
22:49:50: Added resource location '../../media/materials/programs' of type 'FileSystem' to resource group 'Popular'
22:49:50: Added resource location '../../media/materials/scripts' of type 'FileSystem' to resource group 'Popular'
22:49:50: Added resource location '../../media/materials/textures' of type 'FileSystem' to resource group 'Popular'
22:49:50: Added resource location '../../media/models' of type 'FileSystem' to resource group 'Popular'
22:49:50: Added resource location '../../media/scene' of type 'FileSystem' to resource group 'Popular'
22:49:50: Added resource location '../../media/circles' of type 'FileSystem' to resource group 'Popular'
22:49:50: Added resource location '../../media/particle' of type 'FileSystem' to resource group 'Popular'
22:49:50: D3D9 : RenderSystem Option: Allow NVPerfHUD = No
22:49:50: D3D9 : RenderSystem Option: FSAA = 0
22:49:50: D3D9 : RenderSystem Option: Floating-point mode = Fastest
22:49:50: D3D9 : RenderSystem Option: Full Screen = No
22:49:50: D3D9 : RenderSystem Option: Rendering Device = Monitor-1-NVIDIA GeForce GTS 450
22:49:50: D3D9 : RenderSystem Option: Resource Creation Policy = Create on all devices
22:49:50: D3D9 : RenderSystem Option: VSync = No
22:49:50: D3D9 : RenderSystem Option: VSync Interval = 1
22:49:50: D3D9 : RenderSystem Option: Video Mode = 800 x 600 @ 32-bit colour
22:49:50: D3D9 : RenderSystem Option: sRGB Gamma Conversion = No
22:49:51: CPU Identifier & Features
22:49:51: -------------------------
22:49:51:  *   CPU ID: AuthenticAMD: AMD Athlon(tm) II X4 630 Processor
22:49:51:  *      SSE: yes
22:49:51:  *     SSE2: yes
22:49:51:  *     SSE3: yes
22:49:51:  *      MMX: yes
22:49:51:  *   MMXEXT: yes
22:49:51:  *    3DNOW: yes
22:49:51:  * 3DNOWEXT: yes
22:49:51:  *     CMOV: yes
22:49:51:  *      TSC: yes
22:49:51:  *      FPU: yes
22:49:51:  *      PRO: yes
22:49:51:  *       HT: no
22:49:51: -------------------------
22:49:51: D3D9 : Subsystem Initialising
22:49:51: Registering ResourceManager for type Texture
22:49:51: Registering ResourceManager for type GpuProgram
22:49:51: D3D9RenderSystem::_createRenderWindow "GalaxyEngine Render Window", 800x600 windowed  miscParams: FSAA=0 FSAAHint= colourDepth=32 gamma=false monitorIndex=0 useNVPerfHUD=false vsync=false vsyncInterval=1 
22:49:51: D3D9 : Created D3D9 Rendering Window 'GalaxyEngine Render Window' : 800x600, 32bpp
22:49:51: D3D9 : WARNING - disabling VSync in windowed mode can cause timing issues at lower frame rates, turn VSync on if you observe this problem.
22:49:51: D3D9: Vertex texture format supported - PF_A8R8G8B8
22:49:51: D3D9: Vertex texture format supported - PF_B8G8R8A8
22:49:51: D3D9: Vertex texture format supported - PF_FLOAT16_RGB
22:49:51: D3D9: Vertex texture format supported - PF_FLOAT16_RGBA
22:49:51: D3D9: Vertex texture format supported - PF_FLOAT32_RGB
22:49:51: D3D9: Vertex texture format supported - PF_FLOAT32_RGBA
22:49:51: D3D9: Vertex texture format supported - PF_R8G8B8A8
22:49:51: D3D9: Vertex texture format supported - PF_DEPTH
22:49:51: D3D9: Vertex texture format supported - PF_FLOAT16_R
22:49:51: D3D9: Vertex texture format supported - PF_FLOAT32_R
22:49:51: D3D9: Vertex texture format supported - PF_FLOAT16_GR
22:49:51: D3D9: Vertex texture format supported - PF_FLOAT32_GR
22:49:52: D3D9: Vertex texture format supported - PF_PVRTC_RGB2
22:49:52: D3D9: Vertex texture format supported - PF_PVRTC_RGBA2
22:49:52: D3D9: Vertex texture format supported - PF_PVRTC_RGB4
22:49:52: D3D9: Vertex texture format supported - PF_PVRTC_RGBA4
22:49:52: RenderSystem capabilities
22:49:52: -------------------------
22:49:52: RenderSystem Name: Direct3D9 Rendering Subsystem
22:49:52: GPU Vendor: nvidia
22:49:52: Device Name: Monitor-1-NVIDIA GeForce GTS 450
22:49:52: Driver Version: 8.17.12.9610
22:49:52:  * Fixed function pipeline: yes
22:49:52:  * Hardware generation of mipmaps: yes
22:49:52:  * Texture blending: yes
22:49:52:  * Anisotropic texture filtering: yes
22:49:52:  * Dot product texture operation: yes
22:49:52:  * Cube mapping: yes
22:49:52:  * Hardware stencil buffer: yes
22:49:52:    - Stencil depth: 8
22:49:52:    - Two sided stencil support: yes
22:49:52:    - Wrap stencil values: yes
22:49:52:  * Hardware vertex / index buffers: yes
22:49:52:  * Vertex programs: yes
22:49:52:  * Number of floating-point constants for vertex programs: 256
22:49:52:  * Number of integer constants for vertex programs: 16
22:49:52:  * Number of boolean constants for vertex programs: 16
22:49:52:  * Fragment programs: yes
22:49:52:  * Number of floating-point constants for fragment programs: 224
22:49:52:  * Number of integer constants for fragment programs: 16
22:49:52:  * Number of boolean constants for fragment programs: 16
22:49:52:  * Geometry programs: no
22:49:52:  * Number of floating-point constants for geometry programs: 0
22:49:52:  * Number of integer constants for geometry programs: 0
22:49:52:  * Number of boolean constants for geometry programs: 0
22:49:52:  * Supported Shader Profiles: hlsl ps_1_1 ps_1_2 ps_1_3 ps_1_4 ps_2_0 ps_2_a ps_2_b ps_2_x ps_3_0 vs_1_1 vs_2_0 vs_2_a vs_2_x vs_3_0
22:49:52:  * Texture Compression: yes
22:49:52:    - DXT: yes
22:49:52:    - VTC: no
22:49:52:    - PVRTC: no
22:49:52:  * Scissor Rectangle: yes
22:49:52:  * Hardware Occlusion Query: yes
22:49:52:  * User clip planes: yes
22:49:52:  * VET_UBYTE4 vertex element type: yes
22:49:52:  * Infinite far plane projection: yes
22:49:52:  * Hardware render-to-texture: yes
22:49:52:  * Floating point textures: yes
22:49:52:  * Non-power-of-two textures: yes
22:49:52:  * Volume textures: yes
22:49:52:  * Multiple Render Targets: 4
22:49:52:    - With different bit depths: yes
22:49:52:  * Point Sprites: yes
22:49:52:  * Extended point parameters: yes
22:49:52:  * Max Point Size: 10
22:49:52:  * Vertex texture fetch: yes
22:49:52:  * Number of world matrices: 0
22:49:52:  * Number of texture units: 8
22:49:52:  * Stencil buffer depth: 8
22:49:52:  * Number of vertex blend matrices: 0
22:49:52:    - Max vertex textures: 4
22:49:52:    - Vertex textures shared: no
22:49:52:  * Render to Vertex Buffer : no
22:49:52:  * DirectX per stage constants: yes
22:49:52: ***************************************
22:49:52: *** D3D9 : Subsystem Initialised OK ***
22:49:52: ***************************************
22:49:52: DefaultWorkQueue('Root') initialising on thread 006C0C10.
22:49:52: DefaultWorkQueue('Root')::WorkerFunc - thread 006CFCC8 starting.
22:49:52: DefaultWorkQueue('Root')::WorkerFunc - thread 006CFCF8 starting.
22:49:52: DefaultWorkQueue('Root')::WorkerFunc - thread 006CFD58 starting.
22:49:52: DefaultWorkQueue('Root')::WorkerFunc - thread 006CFDB8 starting.
22:49:52: Particle Renderer Type 'billboard' registered
22:49:52: Initialising resource group Essential
22:49:52: Parsing scripts for resource group Essential
22:49:52: Parsing script SdkTrays.material
22:49:52: Parsing script SdkTrays.fontdef
22:49:52: Parsing script SdkTrays.overlay
22:49:52: Bad element attribute line: '# you can offset the image to change the cursor "hotspot"' for element SdkTrays/Cursor in overlay 
22:49:52: Texture: sdk_cursor.png: Loading 1 faces(PF_A8R8G8B8,32x32x1) with  hardware generated mipmaps from Image. Internal format is PF_A8R8G8B8,32x32x1.
22:49:52: Texture: sdk_tray.png: Loading 1 faces(PF_A8R8G8B8,64x64x1) with  hardware generated mipmaps from Image. Internal format is PF_A8R8G8B8,64x64x1.
22:49:52: Texture: sdk_button_up.png: Loading 1 faces(PF_A8R8G8B8,128x32x1) with  hardware generated mipmaps from Image. Internal format is PF_A8R8G8B8,128x32x1.
22:49:52: Texture: sdk_text_box.png: Loading 1 faces(PF_A8R8G8B8,32x32x1) with  hardware generated mipmaps from Image. Internal format is PF_A8R8G8B8,32x32x1.
22:49:52: Texture: sdk_mini_tray.png: Loading 1 faces(PF_A8R8G8B8,32x32x1) with  hardware generated mipmaps from Image. Internal format is PF_A8R8G8B8,32x32x1.
22:49:52: Texture: sdk_track.png: Loading 1 faces(PF_A8R8G8B8,16x32x1) with  hardware generated mipmaps from Image. Internal format is PF_A8R8G8B8,16x32x1.
22:49:52: Texture: sdk_handle.png: Loading 1 faces(PF_A8R8G8B8,16x16x1) with  hardware generated mipmaps from Image. Internal format is PF_A8R8G8B8,16x16x1.
22:49:52: Texture: sdk_mini_text_box.png: Loading 1 faces(PF_A8R8G8B8,32x32x1) with  hardware generated mipmaps from Image. Internal format is PF_A8R8G8B8,32x32x1.
22:49:52: Texture: sdk_label.png: Loading 1 faces(PF_A8R8G8B8,32x32x1) with  hardware generated mipmaps from Image. Internal format is PF_A8R8G8B8,32x32x1.
22:49:52: Texture: sdk_separator.png: Loading 1 faces(PF_A8R8G8B8,64x16x1) with  hardware generated mipmaps from Image. Internal format is PF_A8R8G8B8,64x16x1.
22:49:52: Texture: sdk_logo.png: Loading 1 faces(PF_A8R8G8B8,128x64x1) with  hardware generated mipmaps from Image. Internal format is PF_A8R8G8B8,128x64x1.
22:49:52: Texture: sdk_shade.png: Loading 1 faces(PF_A8R8G8B8,64x48x1) with 5 generated mipmaps from Image. Internal format is PF_A8R8G8B8,64x48x1.
22:49:52: Texture: sdk_frame.png: Loading 1 faces(PF_A8R8G8B8,32x32x1) with  hardware generated mipmaps from Image. Internal format is PF_A8R8G8B8,32x32x1.
22:49:52: Texture: sdk_mini_text_box_over.png: Loading 1 faces(PF_A8R8G8B8,32x32x1) with  hardware generated mipmaps from Image. Internal format is PF_A8R8G8B8,32x32x1.
22:49:52: Texture: sdk_pulse.png: Loading 1 faces(PF_R8G8B8,8x1x1) with  hardware generated mipmaps from Image. Internal format is PF_X8R8G8B8,8x1x1.
22:49:52: Finished parsing scripts for resource group Essential
22:49:52: *** Initializing OIS ***
22:49:52: Parsing scripts for resource group Autodetect
22:49:52: Font SdkTrays/Captionusing texture size 512x256
22:49:52: Info: Freetype returned null for character 160 in font SdkTrays/Caption
22:49:52: Texture: SdkTrays/CaptionTexture: Loading 1 faces(PF_BYTE_LA,512x256x1) with 0 generated mipmaps from Image. Internal format is PF_BYTE_LA,512x256x1.
22:49:52: Font SdkTrays/Valueusing texture size 512x256
22:49:52: Info: Freetype returned null for character 127 in font SdkTrays/Value
22:49:52: Info: Freetype returned null for character 128 in font SdkTrays/Value
22:49:52: Info: Freetype returned null for character 129 in font SdkTrays/Value
22:49:52: Info: Freetype returned null for character 130 in font SdkTrays/Value
22:49:52: Info: Freetype returned null for character 131 in font SdkTrays/Value
22:49:52: Info: Freetype returned null for character 132 in font SdkTrays/Value
22:49:52: Info: Freetype returned null for character 133 in font SdkTrays/Value
22:49:52: Info: Freetype returned null for character 134 in font SdkTrays/Value
22:49:52: Info: Freetype returned null for character 135 in font SdkTrays/Value
22:49:52: Info: Freetype returned null for character 136 in font SdkTrays/Value
22:49:52: Info: Freetype returned null for character 137 in font SdkTrays/Value
22:49:52: Info: Freetype returned null for character 138 in font SdkTrays/Value
22:49:52: Info: Freetype returned null for character 139 in font SdkTrays/Value
22:49:52: Info: Freetype returned null for character 140 in font SdkTrays/Value
22:49:52: Info: Freetype returned null for character 141 in font SdkTrays/Value
22:49:52: Info: Freetype returned null for character 142 in font SdkTrays/Value
22:49:52: Info: Freetype returned null for character 143 in font SdkTrays/Value
22:49:52: Info: Freetype returned null for character 144 in font SdkTrays/Value
22:49:52: Info: Freetype returned null for character 145 in font SdkTrays/Value
22:49:52: Info: Freetype returned null for character 146 in font SdkTrays/Value
22:49:52: Info: Freetype returned null for character 147 in font SdkTrays/Value
22:49:52: Info: Freetype returned null for character 148 in font SdkTrays/Value
22:49:52: Info: Freetype returned null for character 149 in font SdkTrays/Value
22:49:52: Info: Freetype returned null for character 150 in font SdkTrays/Value
22:49:52: Info: Freetype returned null for character 151 in font SdkTrays/Value
22:49:52: Info: Freetype returned null for character 152 in font SdkTrays/Value
22:49:52: Info: Freetype returned null for character 153 in font SdkTrays/Value
22:49:52: Info: Freetype returned null for character 154 in font SdkTrays/Value
22:49:52: Info: Freetype returned null for character 155 in font SdkTrays/Value
22:49:52: Info: Freetype returned null for character 156 in font SdkTrays/Value
22:49:52: Info: Freetype returned null for character 157 in font SdkTrays/Value
22:49:52: Info: Freetype returned null for character 158 in font SdkTrays/Value
22:49:52: Info: Freetype returned null for character 159 in font SdkTrays/Value
22:49:52: Info: Freetype returned null for character 160 in font SdkTrays/Value
22:49:52: Texture: SdkTrays/ValueTexture: Loading 1 faces(PF_BYTE_LA,512x256x1) with 0 generated mipmaps from Image. Internal format is PF_BYTE_LA,512x256x1.
22:49:52: Finished parsing scripts for resource group Autodetect
22:49:52: Parsing scripts for resource group General
22:49:52: Parsing script universe.object
22:49:52: Parsing script universe_old.object
22:49:52: Finished parsing scripts for resource group General
22:49:52: Parsing scripts for resource group Internal
22:49:52: Finished parsing scripts for resource group Internal
22:49:52: Parsing scripts for resource group Popular
22:49:52: Parsing script Defs.program
22:49:52: Parsing script bomberman.material
22:49:52: Parsing script clouds.material
22:49:53: Parsing script girl.material
22:49:53: Parsing script skybox.material
22:49:53: Parsing script village.material
22:49:53: Parsing script circles.material
22:49:53: Parsing script WindCloud.particle
22:49:53: Finished parsing scripts for resource group Popular
22:49:53: Texture: stevecube_fr.jpg: Loading 1 faces(PF_R8G8B8,512x512x1) with  hardware generated mipmaps from Image. Internal format is PF_X8R8G8B8,512x512x1.
22:49:53: Texture: stevecube_bk.jpg: Loading 1 faces(PF_R8G8B8,512x512x1) with  hardware generated mipmaps from Image. Internal format is PF_X8R8G8B8,512x512x1.
22:49:53: Texture: stevecube_lf.jpg: Loading 1 faces(PF_R8G8B8,512x512x1) with  hardware generated mipmaps from Image. Internal format is PF_X8R8G8B8,512x512x1.
22:49:53: Texture: stevecube_rt.jpg: Loading 1 faces(PF_R8G8B8,512x512x1) with  hardware generated mipmaps from Image. Internal format is PF_X8R8G8B8,512x512x1.
22:49:53: Texture: stevecube_up.jpg: Loading 1 faces(PF_R8G8B8,512x512x1) with  hardware generated mipmaps from Image. Internal format is PF_X8R8G8B8,512x512x1.
22:49:53: Texture: stevecube_dn.jpg: Loading 1 faces(PF_R8G8B8,512x512x1) with  hardware generated mipmaps from Image. Internal format is PF_X8R8G8B8,512x512x1.
22:49:53: Mesh: Loading girl.mesh.
22:49:53: Skeleton: Loading girl.skeleton
22:49:53: OGRE EXCEPTION(6:FileNotFoundException): Cannot locate resource girl.skeleton in resource group Popular or any other group. in ResourceGroupManager::openResource at ..\..\..\..\OgreMain\src\OgreResourceGroupManager.cpp (line 753)
22:49:53: Unable to load skeleton girl.skeleton for Mesh girl.mesh. This Mesh will not be animated. You can ignore this message if you are using an offline tool.
22:49:55: Texture: uv2.jpg: Loading 1 faces(PF_R8G8B8,4000x4000x1) with 5 generated mipmaps from Image. Internal format is PF_X8R8G8B8,4000x4000x1.
22:49:59: Texture: u.jpg: Loading 1 faces(PF_R8G8B8,800x800x1) with 5 generated mipmaps from Image. Internal format is PF_X8R8G8B8,800x800x1.
22:49:59: Texture: cloud01.png: Loading 1 faces(PF_A8R8G8B8,128x128x1) with  hardware generated mipmaps from Image. Internal format is PF_A8R8G8B8,128x128x1.
22:49:59: Creating resource group Universe
22:49:59: Added resource location '../../media/universe' of type 'FileSystem' to resource group 'Universe'
22:49:59: Initialising resource group Universe
22:49:59: Parsing scripts for resource group Universe
22:49:59: Parsing script moon.object
22:49:59: Parsing script planet.object
22:49:59: Finished parsing scripts for resource group Universe
22:49:59: Creating resource group Planet
22:49:59: Added resource location '../../media/universe/Planet' of type 'FileSystem' to resource group 'Planet'
22:49:59: Initialising resource group Planet
22:49:59: Parsing scripts for resource group Planet
22:49:59: Finished parsing scripts for resource group Planet
22:49:59: OGRE EXCEPTION(6:FileNotFoundException): Cannot locate resource Planet_norm_atlas.dds in resource group General or any other group. in ResourceGroupManager::openResource at ..\..\..\..\OgreMain\src\OgreResourceGroupManager.cpp (line 753)
22:49:59: Error loading texture Planet_norm_atlas.dds. Texture layer will be blank. Loading the texture failed with the following exception: OGRE EXCEPTION(6:FileNotFoundException): Cannot locate resource Planet_norm_atlas.dds in resource group General or any other group. in ResourceGroupManager::openResource at ..\..\..\..\OgreMain\src\OgreResourceGroupManager.cpp (line 753)
22:49:59: OGRE EXCEPTION(6:FileNotFoundException): Cannot locate resource Planet_color_atlas.dds in resource group General or any other group. in ResourceGroupManager::openResource at ..\..\..\..\OgreMain\src\OgreResourceGroupManager.cpp (line 753)
22:49:59: Error loading texture Planet_color_atlas.dds. Texture layer will be blank. Loading the texture failed with the following exception: OGRE EXCEPTION(6:FileNotFoundException): Cannot locate resource Planet_color_atlas.dds in resource group General or any other group. in ResourceGroupManager::openResource at ..\..\..\..\OgreMain\src\OgreResourceGroupManager.cpp (line 753)
22:49:59: Texture: norm_back.png: Loading 1 faces(PF_R8G8B8,1024x1024x1) with  hardware generated mipmaps from Image. Internal format is PF_X8R8G8B8,1024x1024x1.
22:50:00: Texture: norm_front.png: Loading 1 faces(PF_R8G8B8,1024x1024x1) with  hardware generated mipmaps from Image. Internal format is PF_X8R8G8B8,1024x1024x1.
22:50:00: Texture: norm_left.png: Loading 1 faces(PF_R8G8B8,1024x1024x1) with  hardware generated mipmaps from Image. Internal format is PF_X8R8G8B8,1024x1024x1.
22:50:00: Texture: norm_bottom.png: Loading 1 faces(PF_R8G8B8,1024x1024x1) with  hardware generated mipmaps from Image. Internal format is PF_X8R8G8B8,1024x1024x1.
22:50:00: Texture: color_front.jpg: Loading 1 faces(PF_R8G8B8,512x512x1) with  hardware generated mipmaps from Image. Internal format is PF_X8R8G8B8,512x512x1.
22:50:00: Texture: norm_right.png: Loading 1 faces(PF_R8G8B8,1024x1024x1) with  hardware generated mipmaps from Image. Internal format is PF_X8R8G8B8,1024x1024x1.
22:50:00: Texture: norm_top.png: Loading 1 faces(PF_R8G8B8,1024x1024x1) with  hardware generated mipmaps from Image. Internal format is PF_X8R8G8B8,1024x1024x1.
22:50:00: Texture: color_back.jpg: Loading 1 faces(PF_R8G8B8,512x512x1) with  hardware generated mipmaps from Image. Internal format is PF_X8R8G8B8,512x512x1.
22:50:01: Texture: color_right.jpg: Loading 1 faces(PF_R8G8B8,512x512x1) with  hardware generated mipmaps from Image. Internal format is PF_X8R8G8B8,512x512x1.
22:50:01: Texture: color_left.jpg: Loading 1 faces(PF_R8G8B8,512x512x1) with  hardware generated mipmaps from Image. Internal format is PF_X8R8G8B8,512x512x1.
22:50:01: Texture: color_bottom.jpg: Loading 1 faces(PF_R8G8B8,512x512x1) with  hardware generated mipmaps from Image. Internal format is PF_X8R8G8B8,512x512x1.
22:50:01: Texture: color_top.jpg: Loading 1 faces(PF_R8G8B8,512x512x1) with  hardware generated mipmaps from Image. Internal format is PF_X8R8G8B8,512x512x1.
22:50:01: [DotSceneLoader] Parsing dotScene file with version 1.0, min. Ogre version 1.7, author OgreMax Scene Exporter (www.ogremax.com)
22:50:01: Mesh: Loading object53.mesh.
22:50:01: Texture: girl2.jpg: Loading 1 faces(PF_R8G8B8,1080x1080x1) with 5 generated mipmaps from Image. Internal format is PF_X8R8G8B8,1080x1080x1.
22:50:01: Mesh: Loading object52.mesh.
22:50:01: Texture: girl.jpg: Loading 1 faces(PF_R8G8B8,1080x1080x1) with 5 generated mipmaps from Image. Internal format is PF_X8R8G8B8,1080x1080x1.
22:50:02: Mesh: Loading object51.mesh.
22:50:02: Texture: board.jpg: Loading 1 faces(PF_R8G8B8,1000x1000x1) with 5 generated mipmaps from Image. Internal format is PF_X8R8G8B8,1000x1000x1.
22:50:02: Mesh: Loading object50.mesh.
22:50:02: Texture: landing.jpg: Loading 1 faces(PF_R8G8B8,1080x1080x1) with 5 generated mipmaps from Image. Internal format is PF_X8R8G8B8,1080x1080x1.
22:50:02: Mesh: Loading object49.mesh.
22:50:03: Texture: cycle.jpg: Loading 1 faces(PF_R8G8B8,1000x1000x1) with 5 generated mipmaps from Image. Internal format is PF_X8R8G8B8,1000x1000x1.
22:50:03: Mesh: Loading object48.mesh.
22:50:03: Mesh: Loading object47.mesh.
22:50:03: Mesh: Loading object46.mesh.
22:50:03: Texture: tree.jpg: Loading 1 faces(PF_R8G8B8,1000x1000x1) with 5 generated mipmaps from Image. Internal format is PF_X8R8G8B8,1000x1000x1.
22:50:03: Mesh: Loading object45.mesh.
22:50:03: Mesh: Loading object44.mesh.
22:50:03: Mesh: Loading object43.mesh.
22:50:03: Mesh: Loading object42.mesh.
22:50:03: Texture: tree1.jpg: Loading 1 faces(PF_R8G8B8,1000x1000x1) with 5 generated mipmaps from Image. Internal format is PF_X8R8G8B8,1000x1000x1.
22:50:04: Mesh: Loading object41.mesh.
22:50:04: Mesh: Loading object40.mesh.
22:50:04: Mesh: Loading object39.mesh.
22:50:04: Mesh: Loading object38.mesh.
22:50:04: Mesh: Loading object37.mesh.
22:50:04: Mesh: Loading object36.mesh.
22:50:04: Mesh: Loading object35.mesh.
22:50:04: Mesh: Loading object34.mesh.
22:50:04: Mesh: Loading object33.mesh.
22:50:04: Mesh: Loading object32.mesh.
22:50:04: Mesh: Loading object31.mesh.
22:50:04: Mesh: Loading object30.mesh.
22:50:04: Texture: box2.jpg: Loading 1 faces(PF_R8G8B8,800x800x1) with 5 generated mipmaps from Image. Internal format is PF_X8R8G8B8,800x800x1.
22:50:04: Mesh: Loading object29.mesh.
22:50:04: Mesh: Loading object28.mesh.
22:50:04: Mesh: Loading object27.mesh.
22:50:04: Mesh: Loading object26.mesh.
22:50:04: Mesh: Loading object25.mesh.
22:50:04: Mesh: Loading object24.mesh.
22:50:04: Mesh: Loading object23.mesh.
22:50:04: Mesh: Loading object22.mesh.
22:50:04: Mesh: Loading object21.mesh.
22:50:04: Mesh: Loading object20.mesh.
22:50:04: Mesh: Loading object19.mesh.
22:50:04: Mesh: Loading object18.mesh.
22:50:04: Mesh: Loading object17.mesh.
22:50:04: Mesh: Loading object16.mesh.
22:50:04: Mesh: Loading object15.mesh.
22:50:04: Mesh: Loading object14.mesh.
22:50:04: Mesh: Loading object13.mesh.
22:50:04: Mesh: Loading object12.mesh.
22:50:04: Texture: tree2.jpg: Loading 1 faces(PF_R8G8B8,1000x1000x1) with 5 generated mipmaps from Image. Internal format is PF_X8R8G8B8,1000x1000x1.
22:50:04: Mesh: Loading object11.mesh.
22:50:04: Mesh: Loading object10.mesh.
22:50:04: Mesh: Loading object9.mesh.
22:50:04: Mesh: Loading object8.mesh.
22:50:04: Mesh: Loading object7.mesh.
22:50:04: Mesh: Loading object6.mesh.
22:50:04: Mesh: Loading object5.mesh.
22:50:05: Mesh: Loading object4.mesh.
22:50:05: Mesh: Loading object3.mesh.
22:50:05: Mesh: Loading object2.mesh.
22:50:05: Mesh: Loading object1.mesh.
22:50:05: Mesh: Loading object0.mesh.
22:50:05: Mesh: Loading object54.mesh.
22:50:05: Texture: mail.jpg: Loading 1 faces(PF_R8G8B8,800x800x1) with 5 generated mipmaps from Image. Internal format is PF_X8R8G8B8,800x800x1.
22:50:05: Mesh: Loading object55.mesh.
22:50:05: Mesh: Loading object56.mesh.
22:50:05: Mesh: Loading object57.mesh.
22:50:05: Mesh: Loading object58.mesh.
22:50:05: Mesh: Loading object59.mesh.
22:50:05: Mesh: Loading object60.mesh.
22:50:05: Mesh: Loading object61.mesh.
22:50:05: Mesh: Loading object62.mesh.
22:50:05: Mesh: Loading object63.mesh.
22:50:05: Mesh: Loading object64.mesh.
22:50:05: Mesh: Loading object65.mesh.
22:50:05: Mesh: Loading object66.mesh.
22:50:05: Mesh: Loading object67.mesh.
22:50:05: Mesh: Loading object68.mesh.
22:50:05: Mesh: Loading object69.mesh.
22:50:05: Mesh: Loading object70.mesh.
22:50:05: Mesh: Loading object71.mesh.
22:50:05: Mesh: Loading object72.mesh.
22:50:05: Mesh: Loading object73.mesh.
22:50:05: Mesh: Loading object74.mesh.
22:50:05: Mesh: Loading object75.mesh.
22:50:05: Mesh: Loading object76.mesh.
22:50:05: Mesh: Loading object77.mesh.
22:50:05: Mesh: Loading object78.mesh.
22:50:05: Mesh: Loading object79.mesh.
22:50:05: Mesh: Loading object80.mesh.
22:50:05: Mesh: Loading object81.mesh.
22:50:05: Mesh: Loading object82.mesh.
22:50:05: OGRE EXCEPTION(6:FileNotFoundException): Cannot locate resource road in resource group Popular or any other group. in ResourceGroupManager::openResource at ..\..\..\..\OgreMain\src\OgreResourceGroupManager.cpp (line 753)
22:50:05: Error loading texture road. Texture layer will be blank. Loading the texture failed with the following exception: OGRE EXCEPTION(6:FileNotFoundException): Cannot locate resource road in resource group Popular or any other group. in ResourceGroupManager::openResource at ..\..\..\..\OgreMain\src\OgreResourceGroupManager.cpp (line 753)
22:50:05: Mesh: Loading object83.mesh.
22:50:05: Mesh: Loading object84.mesh.
22:50:05: Mesh: Loading object85.mesh.
22:50:05: Mesh: Loading object86.mesh.
22:50:05: Mesh: Loading object87.mesh.
22:50:05: Mesh: Loading object88.mesh.
22:50:05: Mesh: Loading object89.mesh.
22:50:05: Mesh: Loading object90.mesh.
22:50:05: Mesh: Loading object91.mesh.
22:50:05: Mesh: Loading object92.mesh.
22:50:05: Mesh: Loading object93.mesh.
22:50:05: Texture: house.jpg: Loading 1 faces(PF_R8G8B8,1500x1500x1) with 5 generated mipmaps from Image. Internal format is PF_X8R8G8B8,1500x1500x1.
22:50:06: Mesh: Loading object94.mesh.
22:50:06: Mesh: Loading object95.mesh.
22:50:06: Mesh: Loading object96.mesh.
22:50:06: Mesh: Loading object97.mesh.
22:50:08: [DotSceneLoader] Parsing dotScene file with version 1.0, min. Ogre version 1.7, author OgreMax Scene Exporter (www.ogremax.com)
22:50:08: Mesh: Loading r12.mesh.
22:50:08: Mesh: Loading b0.mesh.
22:50:08: Mesh: Loading r10.mesh.
22:50:08: Mesh: Loading b1.mesh.
22:50:08: Mesh: Loading b3.mesh.
22:50:08: Mesh: Loading b4.mesh.
22:50:08: Mesh: Loading r9.mesh.
22:50:08: Mesh: Loading r8.mesh.
22:50:08: Mesh: Loading r6.mesh.
22:50:08: Mesh: Loading b5.mesh.
22:50:08: Mesh: Loading r4.mesh.
22:50:08: Mesh: Loading b6.mesh.
22:50:08: Mesh: Loading b8.mesh.
22:50:08: Mesh: Loading r3.mesh.
22:50:08: Mesh: Loading r2.mesh.
22:50:08: Mesh: Loading r1.mesh.
22:50:08: Mesh: Loading b10.mesh.
22:50:08: Mesh: Loading r0.mesh.
22:50:08: Mesh: Loading b7.mesh.
22:50:08: Mesh: Loading b9.mesh.
22:50:08: Mesh: Loading r7.mesh.
22:50:08: Mesh: Loading r5.mesh.
22:50:08: Mesh: Loading r11.mesh.
22:50:08: Mesh: Loading b2.mesh.
22:50:08: OGRE EXCEPTION(4:ItemIdentityException): A scene node with the name group already exists in SceneManager::createSceneNode at ..\..\..\..\OgreMain\src\OgreSceneManager.cpp (line 820)
22:50:30: DefaultWorkQueue('Root') shutting down on thread 006C0C10.
22:50:30: DefaultWorkQueue('Root')::WorkerFunc - thread 006CFCF8 stopped.
22:50:30: DefaultWorkQueue('Root')::WorkerFunc - thread 006CFDB8 stopped.
22:50:30: DefaultWorkQueue('Root')::WorkerFunc - thread 006CFCC8 stopped.
22:50:30: DefaultWorkQueue('Root')::WorkerFunc - thread 006CFD58 stopped.
22:50:30: *-*-* OGRE Shutdown
22:50:30: Unregistering ResourceManager for type Compositor
22:50:30: Unregistering ResourceManager for type Font
22:50:30: Unregistering ResourceManager for type Skeleton
22:50:30: Unregistering ResourceManager for type Mesh
22:50:30: Unregistering ResourceManager for type HighLevelGpuProgram
22:50:30: Uninstalling plugin: Cg Program Manager
22:50:30: Plugin successfully uninstalled
22:50:30: Unloading library .\Plugin_CgProgramManager_d
22:50:30: Uninstalling plugin: ParticleFX
22:50:30: Plugin successfully uninstalled
22:50:30: Unloading library .\Plugin_ParticleFX_d
22:50:30: Uninstalling plugin: D3D9 RenderSystem
22:50:30: D3D9 device: 0x[031004E0] destroy. Releasing D3D9 texture: norm_front.png
22:50:30: Released D3D9 texture: norm_front.png
22:50:30: D3D9 device: 0x[031004E0] destroy. Releasing D3D9 texture: norm_top.png
22:50:30: Released D3D9 texture: norm_top.png
22:50:30: D3D9 device: 0x[031004E0] destroy. Releasing D3D9 texture: color_front.jpg
22:50:30: Released D3D9 texture: color_front.jpg
22:50:30: D3D9 device: 0x[031004E0] destroy. Releasing D3D9 texture: color_top.jpg
22:50:30: Released D3D9 texture: color_top.jpg
22:50:30: D3D9 : Shutting down cleanly.
22:50:30: Unregistering ResourceManager for type Texture
22:50:30: Unregistering ResourceManager for type GpuProgram
22:50:30: D3D9 : Direct3D9 Rendering Subsystem destroyed.
22:50:30: Plugin successfully uninstalled
22:50:30: Unloading library .\RenderSystem_Direct3D9_d
22:50:30: Unregistering ResourceManager for type Material
