21:13:09: Creating resource group General
21:13:09: Creating resource group Internal
21:13:09: Creating resource group Autodetect
21:13:09: SceneManagerFactory for type 'DefaultSceneManager' registered.
21:13:09: Registering ResourceManager for type Material
21:13:09: Registering ResourceManager for type Mesh
21:13:09: Registering ResourceManager for type Skeleton
21:13:09: MovableObjectFactory for type 'ParticleSystem' registered.
21:13:09: OverlayElementFactory for type Panel registered.
21:13:09: OverlayElementFactory for type BorderPanel registered.
21:13:09: OverlayElementFactory for type TextArea registered.
21:13:09: Registering ResourceManager for type Font
21:13:09: ArchiveFactory for archive type FileSystem registered.
21:13:09: ArchiveFactory for archive type Zip registered.
21:13:09: DDS codec registering
21:13:09: FreeImage version: 3.15.1
21:13:09: This program uses FreeImage, a free, open source image library supporting all common bitmap formats. See http://freeimage.sourceforge.net for details
21:13:09: Supported formats: bmp,ico,jpg,jif,jpeg,jpe,jng,koa,iff,lbm,mng,pbm,pbm,pcd,pcx,pgm,pgm,png,ppm,ppm,ras,tga,targa,tif,tiff,wap,wbmp,wbm,psd,cut,xbm,xpm,gif,hdr,g3,sgi,exr,j2k,j2c,jp2,pfm,pct,pict,pic,3fr,arw,bay,bmq,cap,cine,cr2,crw,cs1,dc2,dcr,drf,dsc,dng,erf,fff,ia,iiq,k25,kc2,kdc,mdc,mef,mos,mrw,nef,nrw,orf,pef,ptx,pxn,qtk,raf,raw,rdc,rw2,rwl,rwz,sr2,srf,sti
21:13:09: Registering ResourceManager for type HighLevelGpuProgram
21:13:09: Registering ResourceManager for type Compositor
21:13:09: MovableObjectFactory for type 'Entity' registered.
21:13:09: MovableObjectFactory for type 'Light' registered.
21:13:09: MovableObjectFactory for type 'BillboardSet' registered.
21:13:09: MovableObjectFactory for type 'ManualObject' registered.
21:13:09: MovableObjectFactory for type 'BillboardChain' registered.
21:13:09: MovableObjectFactory for type 'RibbonTrail' registered.
21:13:09: Loading library .\RenderSystem_Direct3D9
21:13:09: Installing plugin: D3D9 RenderSystem
21:13:09: D3D9 : Direct3D9 Rendering Subsystem created.
21:13:09: D3D9: Driver Detection Starts
21:13:09: D3D9: Driver Detection Ends
21:13:09: Plugin successfully installed
21:13:09: Loading library .\Plugin_ParticleFX
21:13:09: Installing plugin: ParticleFX
21:13:09: Particle Emitter Type 'Point' registered
21:13:09: Particle Emitter Type 'Box' registered
21:13:09: Particle Emitter Type 'Ellipsoid' registered
21:13:09: Particle Emitter Type 'Cylinder' registered
21:13:09: Particle Emitter Type 'Ring' registered
21:13:09: Particle Emitter Type 'HollowEllipsoid' registered
21:13:09: Particle Affector Type 'LinearForce' registered
21:13:09: Particle Affector Type 'ColourFader' registered
21:13:09: Particle Affector Type 'ColourFader2' registered
21:13:09: Particle Affector Type 'ColourImage' registered
21:13:09: Particle Affector Type 'ColourInterpolator' registered
21:13:09: Particle Affector Type 'Scaler' registered
21:13:09: Particle Affector Type 'Rotator' registered
21:13:09: Particle Affector Type 'DirectionRandomiser' registered
21:13:09: Particle Affector Type 'DeflectorPlane' registered
21:13:09: Plugin successfully installed
21:13:09: Loading library .\Plugin_CgProgramManager
21:13:09: Installing plugin: Cg Program Manager
21:13:09: Plugin successfully installed
21:13:09: *-*-* OGRE Initialising
21:13:09: *-*-* Version 1.7.4 (Cthugha)
21:13:09: Added resource location '../../media' of type 'FileSystem' to resource group 'General'
21:13:09: Creating resource group Essential
21:13:09: Added resource location '../../media/thumbnails' of type 'FileSystem' to resource group 'Essential'
21:13:09: Added resource location '../../media/packs/SdkTrays.zip' of type 'Zip' to resource group 'Essential'
21:13:09: Creating resource group Popular
21:13:09: Added resource location '../../media/materials/programs' of type 'FileSystem' to resource group 'Popular'
21:13:09: Added resource location '../../media/materials/scripts' of type 'FileSystem' to resource group 'Popular'
21:13:09: Added resource location '../../media/materials/textures' of type 'FileSystem' to resource group 'Popular'
21:13:09: Added resource location '../../media/models' of type 'FileSystem' to resource group 'Popular'
21:13:09: D3D9 : RenderSystem Option: Allow NVPerfHUD = No
21:13:09: D3D9 : RenderSystem Option: FSAA = 0
21:13:09: D3D9 : RenderSystem Option: Floating-point mode = Fastest
21:13:09: D3D9 : RenderSystem Option: Full Screen = No
21:13:09: D3D9 : RenderSystem Option: Rendering Device = Monitor-1-RDPDD Chained DD
21:13:09: D3D9 : RenderSystem Option: Resource Creation Policy = Create on all devices
21:13:09: D3D9 : RenderSystem Option: VSync = No
21:13:09: D3D9 : RenderSystem Option: VSync Interval = 1
21:13:09: D3D9 : RenderSystem Option: Video Mode = 800 x 600 @ 32-bit colour
21:13:09: D3D9 : RenderSystem Option: sRGB Gamma Conversion = No
21:13:09: D3D9 : RenderSystem Option: Rendering Device = Monitor-1-NVIDIA GeForce GTS 450
21:13:14: CPU Identifier & Features
21:13:14: -------------------------
21:13:14:  *   CPU ID: AuthenticAMD: AMD Athlon(tm) II X4 630 Processor
21:13:14:  *      SSE: yes
21:13:14:  *     SSE2: yes
21:13:14:  *     SSE3: yes
21:13:14:  *      MMX: yes
21:13:14:  *   MMXEXT: yes
21:13:14:  *    3DNOW: yes
21:13:14:  * 3DNOWEXT: yes
21:13:14:  *     CMOV: yes
21:13:14:  *      TSC: yes
21:13:14:  *      FPU: yes
21:13:14:  *      PRO: yes
21:13:14:  *       HT: no
21:13:14: -------------------------
21:13:14: D3D9 : Subsystem Initialising
21:13:14: Registering ResourceManager for type Texture
21:13:14: Registering ResourceManager for type GpuProgram
21:13:14: D3D9RenderSystem::_createRenderWindow "GalaxyEngine Render Window", 800x600 windowed  miscParams: FSAA=0 FSAAHint= colourDepth=32 gamma=false monitorIndex=0 useNVPerfHUD=false vsync=false vsyncInterval=1 
21:13:14: D3D9 : Created D3D9 Rendering Window 'GalaxyEngine Render Window' : 800x600, 32bpp
21:13:14: D3D9 : WARNING - disabling VSync in windowed mode can cause timing issues at lower frame rates, turn VSync on if you observe this problem.
21:13:14: D3D9: Vertex texture format supported - PF_A8R8G8B8
21:13:14: D3D9: Vertex texture format supported - PF_B8G8R8A8
21:13:14: D3D9: Vertex texture format supported - PF_FLOAT16_RGB
21:13:14: D3D9: Vertex texture format supported - PF_FLOAT16_RGBA
21:13:14: D3D9: Vertex texture format supported - PF_FLOAT32_RGB
21:13:14: D3D9: Vertex texture format supported - PF_FLOAT32_RGBA
21:13:14: D3D9: Vertex texture format supported - PF_R8G8B8A8
21:13:14: D3D9: Vertex texture format supported - PF_DEPTH
21:13:14: D3D9: Vertex texture format supported - PF_FLOAT16_R
21:13:14: D3D9: Vertex texture format supported - PF_FLOAT32_R
21:13:14: D3D9: Vertex texture format supported - PF_FLOAT16_GR
21:13:14: D3D9: Vertex texture format supported - PF_FLOAT32_GR
21:13:14: D3D9: Vertex texture format supported - PF_PVRTC_RGB2
21:13:14: D3D9: Vertex texture format supported - PF_PVRTC_RGBA2
21:13:14: D3D9: Vertex texture format supported - PF_PVRTC_RGB4
21:13:14: D3D9: Vertex texture format supported - PF_PVRTC_RGBA4
21:13:14: RenderSystem capabilities
21:13:14: -------------------------
21:13:14: RenderSystem Name: Direct3D9 Rendering Subsystem
21:13:14: GPU Vendor: nvidia
21:13:14: Device Name: Monitor-1-NVIDIA GeForce GTS 450
21:13:14: Driver Version: 8.17.12.9610
21:13:14:  * Fixed function pipeline: yes
21:13:14:  * Hardware generation of mipmaps: yes
21:13:14:  * Texture blending: yes
21:13:14:  * Anisotropic texture filtering: yes
21:13:14:  * Dot product texture operation: yes
21:13:14:  * Cube mapping: yes
21:13:14:  * Hardware stencil buffer: yes
21:13:14:    - Stencil depth: 8
21:13:14:    - Two sided stencil support: yes
21:13:14:    - Wrap stencil values: yes
21:13:14:  * Hardware vertex / index buffers: yes
21:13:14:  * Vertex programs: yes
21:13:14:  * Number of floating-point constants for vertex programs: 256
21:13:14:  * Number of integer constants for vertex programs: 16
21:13:14:  * Number of boolean constants for vertex programs: 16
21:13:14:  * Fragment programs: yes
21:13:14:  * Number of floating-point constants for fragment programs: 224
21:13:14:  * Number of integer constants for fragment programs: 16
21:13:14:  * Number of boolean constants for fragment programs: 16
21:13:14:  * Geometry programs: no
21:13:14:  * Number of floating-point constants for geometry programs: 804
21:13:14:  * Number of integer constants for geometry programs: 25964
21:13:14:  * Number of boolean constants for geometry programs: 27728
21:13:14:  * Supported Shader Profiles: hlsl ps_1_1 ps_1_2 ps_1_3 ps_1_4 ps_2_0 ps_2_a ps_2_b ps_2_x ps_3_0 vs_1_1 vs_2_0 vs_2_a vs_2_x vs_3_0
21:13:14:  * Texture Compression: yes
21:13:14:    - DXT: yes
21:13:14:    - VTC: no
21:13:14:    - PVRTC: no
21:13:14:  * Scissor Rectangle: yes
21:13:14:  * Hardware Occlusion Query: yes
21:13:14:  * User clip planes: yes
21:13:14:  * VET_UBYTE4 vertex element type: yes
21:13:14:  * Infinite far plane projection: yes
21:13:14:  * Hardware render-to-texture: yes
21:13:14:  * Floating point textures: yes
21:13:14:  * Non-power-of-two textures: yes
21:13:14:  * Volume textures: yes
21:13:14:  * Multiple Render Targets: 4
21:13:14:    - With different bit depths: yes
21:13:14:  * Point Sprites: yes
21:13:14:  * Extended point parameters: yes
21:13:14:  * Max Point Size: 10
21:13:14:  * Vertex texture fetch: yes
21:13:14:  * Number of world matrices: 0
21:13:14:  * Number of texture units: 8
21:13:14:  * Stencil buffer depth: 8
21:13:14:  * Number of vertex blend matrices: 0
21:13:14:    - Max vertex textures: 4
21:13:14:    - Vertex textures shared: no
21:13:14:  * Render to Vertex Buffer : no
21:13:14:  * DirectX per stage constants: yes
21:13:14: ***************************************
21:13:14: *** D3D9 : Subsystem Initialised OK ***
21:13:14: ***************************************
21:13:14: DefaultWorkQueue('Root') initialising on thread 0059DD88.
21:13:14: DefaultWorkQueue('Root')::WorkerFunc - thread 005B0560 starting.
21:13:14: DefaultWorkQueue('Root')::WorkerFunc - thread 005B05D0 starting.
21:13:14: Particle Renderer Type 'billboard' registered
21:13:14: DefaultWorkQueue('Root')::WorkerFunc - thread 005B0950 starting.
21:13:14: DefaultWorkQueue('Root')::WorkerFunc - thread 005B0CD0 starting.
21:13:14: Initialising resource group Essential
21:13:14: Parsing scripts for resource group Essential
21:13:14: Parsing script SdkTrays.material
21:13:14: Parsing script SdkTrays.fontdef
21:13:14: Parsing script SdkTrays.overlay
21:13:14: Bad element attribute line: '# you can offset the image to change the cursor "hotspot"' for element SdkTrays/Cursor in overlay 
21:13:14: Texture: sdk_cursor.png: Loading 1 faces(PF_A8R8G8B8,32x32x1) with  hardware generated mipmaps from Image. Internal format is PF_A8R8G8B8,32x32x1.
21:13:14: Texture: sdk_tray.png: Loading 1 faces(PF_A8R8G8B8,64x64x1) with  hardware generated mipmaps from Image. Internal format is PF_A8R8G8B8,64x64x1.
21:13:14: Texture: sdk_button_up.png: Loading 1 faces(PF_A8R8G8B8,128x32x1) with  hardware generated mipmaps from Image. Internal format is PF_A8R8G8B8,128x32x1.
21:13:14: Texture: sdk_text_box.png: Loading 1 faces(PF_A8R8G8B8,32x32x1) with  hardware generated mipmaps from Image. Internal format is PF_A8R8G8B8,32x32x1.
21:13:14: Texture: sdk_mini_tray.png: Loading 1 faces(PF_A8R8G8B8,32x32x1) with  hardware generated mipmaps from Image. Internal format is PF_A8R8G8B8,32x32x1.
21:13:14: Texture: sdk_track.png: Loading 1 faces(PF_A8R8G8B8,16x32x1) with  hardware generated mipmaps from Image. Internal format is PF_A8R8G8B8,16x32x1.
21:13:14: Texture: sdk_handle.png: Loading 1 faces(PF_A8R8G8B8,16x16x1) with  hardware generated mipmaps from Image. Internal format is PF_A8R8G8B8,16x16x1.
21:13:14: Texture: sdk_mini_text_box.png: Loading 1 faces(PF_A8R8G8B8,32x32x1) with  hardware generated mipmaps from Image. Internal format is PF_A8R8G8B8,32x32x1.
21:13:14: Texture: sdk_label.png: Loading 1 faces(PF_A8R8G8B8,32x32x1) with  hardware generated mipmaps from Image. Internal format is PF_A8R8G8B8,32x32x1.
21:13:14: Texture: sdk_separator.png: Loading 1 faces(PF_A8R8G8B8,64x16x1) with  hardware generated mipmaps from Image. Internal format is PF_A8R8G8B8,64x16x1.
21:13:14: Texture: sdk_logo.png: Loading 1 faces(PF_A8R8G8B8,128x64x1) with  hardware generated mipmaps from Image. Internal format is PF_A8R8G8B8,128x64x1.
21:13:14: Texture: sdk_shade.png: Loading 1 faces(PF_A8R8G8B8,64x48x1) with 5 generated mipmaps from Image. Internal format is PF_A8R8G8B8,64x48x1.
21:13:14: Texture: sdk_frame.png: Loading 1 faces(PF_A8R8G8B8,32x32x1) with  hardware generated mipmaps from Image. Internal format is PF_A8R8G8B8,32x32x1.
21:13:14: Texture: sdk_mini_text_box_over.png: Loading 1 faces(PF_A8R8G8B8,32x32x1) with  hardware generated mipmaps from Image. Internal format is PF_A8R8G8B8,32x32x1.
21:13:14: Texture: sdk_pulse.png: Loading 1 faces(PF_R8G8B8,8x1x1) with  hardware generated mipmaps from Image. Internal format is PF_X8R8G8B8,8x1x1.
21:13:14: Finished parsing scripts for resource group Essential
21:13:14: *** Initializing OIS ***
21:13:14: Parsing scripts for resource group Autodetect
21:13:14: Font SdkTrays/Captionusing texture size 512x256
21:13:14: Info: Freetype returned null for character 160 in font SdkTrays/Caption
21:13:14: Texture: SdkTrays/CaptionTexture: Loading 1 faces(PF_BYTE_LA,512x256x1) with 0 generated mipmaps from Image. Internal format is PF_BYTE_LA,512x256x1.
21:13:14: Font SdkTrays/Valueusing texture size 512x256
21:13:14: Info: Freetype returned null for character 127 in font SdkTrays/Value
21:13:14: Info: Freetype returned null for character 128 in font SdkTrays/Value
21:13:14: Info: Freetype returned null for character 129 in font SdkTrays/Value
21:13:14: Info: Freetype returned null for character 130 in font SdkTrays/Value
21:13:14: Info: Freetype returned null for character 131 in font SdkTrays/Value
21:13:14: Info: Freetype returned null for character 132 in font SdkTrays/Value
21:13:14: Info: Freetype returned null for character 133 in font SdkTrays/Value
21:13:14: Info: Freetype returned null for character 134 in font SdkTrays/Value
21:13:14: Info: Freetype returned null for character 135 in font SdkTrays/Value
21:13:14: Info: Freetype returned null for character 136 in font SdkTrays/Value
21:13:14: Info: Freetype returned null for character 137 in font SdkTrays/Value
21:13:14: Info: Freetype returned null for character 138 in font SdkTrays/Value
21:13:14: Info: Freetype returned null for character 139 in font SdkTrays/Value
21:13:14: Info: Freetype returned null for character 140 in font SdkTrays/Value
21:13:14: Info: Freetype returned null for character 141 in font SdkTrays/Value
21:13:14: Info: Freetype returned null for character 142 in font SdkTrays/Value
21:13:14: Info: Freetype returned null for character 143 in font SdkTrays/Value
21:13:14: Info: Freetype returned null for character 144 in font SdkTrays/Value
21:13:14: Info: Freetype returned null for character 145 in font SdkTrays/Value
21:13:14: Info: Freetype returned null for character 146 in font SdkTrays/Value
21:13:14: Info: Freetype returned null for character 147 in font SdkTrays/Value
21:13:14: Info: Freetype returned null for character 148 in font SdkTrays/Value
21:13:14: Info: Freetype returned null for character 149 in font SdkTrays/Value
21:13:14: Info: Freetype returned null for character 150 in font SdkTrays/Value
21:13:14: Info: Freetype returned null for character 151 in font SdkTrays/Value
21:13:14: Info: Freetype returned null for character 152 in font SdkTrays/Value
21:13:14: Info: Freetype returned null for character 153 in font SdkTrays/Value
21:13:14: Info: Freetype returned null for character 154 in font SdkTrays/Value
21:13:14: Info: Freetype returned null for character 155 in font SdkTrays/Value
21:13:14: Info: Freetype returned null for character 156 in font SdkTrays/Value
21:13:14: Info: Freetype returned null for character 157 in font SdkTrays/Value
21:13:14: Info: Freetype returned null for character 158 in font SdkTrays/Value
21:13:14: Info: Freetype returned null for character 159 in font SdkTrays/Value
21:13:14: Info: Freetype returned null for character 160 in font SdkTrays/Value
21:13:14: Texture: SdkTrays/ValueTexture: Loading 1 faces(PF_BYTE_LA,512x256x1) with 0 generated mipmaps from Image. Internal format is PF_BYTE_LA,512x256x1.
21:13:14: Finished parsing scripts for resource group Autodetect
21:13:14: Parsing scripts for resource group General
21:13:14: Parsing script universe.object
21:13:14: Parsing script universe_old.object
21:13:14: Finished parsing scripts for resource group General
21:13:14: Parsing scripts for resource group Internal
21:13:14: Finished parsing scripts for resource group Internal
21:13:14: Parsing scripts for resource group Popular
21:13:14: Parsing script Defs.program
21:13:14: Parsing script bomberman.material
21:13:14: Parsing script clouds.material
21:13:14: Parsing script girl.material
21:13:14: Parsing script skybox.material
21:13:14: Finished parsing scripts for resource group Popular
21:13:14: OGRE EXCEPTION(6:FileNotFoundException): Cannot locate resource clouds_fr.png in resource group Popular or any other group. in ResourceGroupManager::openResource at ..\..\..\..\OgreMain\src\OgreResourceGroupManager.cpp (line 753)
21:13:14: Error loading texture clouds_fr.png. Texture layer will be blank. Loading the texture failed with the following exception: OGRE EXCEPTION(6:FileNotFoundException): Cannot locate resource clouds_fr.png in resource group Popular or any other group. in ResourceGroupManager::openResource at ..\..\..\..\OgreMain\src\OgreResourceGroupManager.cpp (line 753)
21:13:14: Mesh: Loading girl.mesh.
21:13:14: Skeleton: Loading girl.skeleton
21:13:14: OGRE EXCEPTION(6:FileNotFoundException): Cannot locate resource girl.skeleton in resource group Popular or any other group. in ResourceGroupManager::openResource at ..\..\..\..\OgreMain\src\OgreResourceGroupManager.cpp (line 753)
21:13:14: Unable to load skeleton girl.skeleton for Mesh girl.mesh. This Mesh will not be animated. You can ignore this message if you are using an offline tool.
21:13:15: Texture: uv2.jpg: Loading 1 faces(PF_R8G8B8,4000x4000x1) with 5 generated mipmaps from Image. Internal format is PF_X8R8G8B8,4000x4000x1.
21:13:19: Texture: u.jpg: Loading 1 faces(PF_R8G8B8,800x800x1) with 5 generated mipmaps from Image. Internal format is PF_X8R8G8B8,800x800x1.
21:13:19: Texture: cloud01.png: Loading 1 faces(PF_A8R8G8B8,128x128x1) with  hardware generated mipmaps from Image. Internal format is PF_A8R8G8B8,128x128x1.
21:13:19: Creating resource group Universe
21:13:19: Added resource location '../../media/universe' of type 'FileSystem' to resource group 'Universe'
21:13:19: Initialising resource group Universe
21:13:19: Parsing scripts for resource group Universe
21:13:19: Parsing script moon.object
21:13:19: Parsing script planet.object
21:13:19: Parsing script planet2_old.object
21:13:19: Finished parsing scripts for resource group Universe
21:13:19: Creating resource group Planet
21:13:19: Added resource location '../../media/universe/Planet' of type 'FileSystem' to resource group 'Planet'
21:13:19: Initialising resource group Planet
21:13:19: Parsing scripts for resource group Planet
21:13:19: Finished parsing scripts for resource group Planet
21:13:20: OGRE EXCEPTION(6:FileNotFoundException): Cannot locate resource Planet_norm_atlas.dds in resource group General or any other group. in ResourceGroupManager::openResource at ..\..\..\..\OgreMain\src\OgreResourceGroupManager.cpp (line 753)
21:13:20: Error loading texture Planet_norm_atlas.dds. Texture layer will be blank. Loading the texture failed with the following exception: OGRE EXCEPTION(6:FileNotFoundException): Cannot locate resource Planet_norm_atlas.dds in resource group General or any other group. in ResourceGroupManager::openResource at ..\..\..\..\OgreMain\src\OgreResourceGroupManager.cpp (line 753)
21:13:20: OGRE EXCEPTION(6:FileNotFoundException): Cannot locate resource Planet_color_atlas.dds in resource group General or any other group. in ResourceGroupManager::openResource at ..\..\..\..\OgreMain\src\OgreResourceGroupManager.cpp (line 753)
21:13:20: Error loading texture Planet_color_atlas.dds. Texture layer will be blank. Loading the texture failed with the following exception: OGRE EXCEPTION(6:FileNotFoundException): Cannot locate resource Planet_color_atlas.dds in resource group General or any other group. in ResourceGroupManager::openResource at ..\..\..\..\OgreMain\src\OgreResourceGroupManager.cpp (line 753)
21:13:20: Texture: norm_right.png: Loading 1 faces(PF_R8G8B8,1024x1024x1) with  hardware generated mipmaps from Image. Internal format is PF_X8R8G8B8,1024x1024x1.
21:13:20: Texture: norm_front.png: Loading 1 faces(PF_R8G8B8,1024x1024x1) with  hardware generated mipmaps from Image. Internal format is PF_X8R8G8B8,1024x1024x1.
21:13:20: Texture: norm_left.png: Loading 1 faces(PF_R8G8B8,1024x1024x1) with  hardware generated mipmaps from Image. Internal format is PF_X8R8G8B8,1024x1024x1.
21:13:20: Texture: norm_back.png: Loading 1 faces(PF_R8G8B8,1024x1024x1) with  hardware generated mipmaps from Image. Internal format is PF_X8R8G8B8,1024x1024x1.
21:13:21: Texture: norm_top.png: Loading 1 faces(PF_R8G8B8,1024x1024x1) with  hardware generated mipmaps from Image. Internal format is PF_X8R8G8B8,1024x1024x1.
21:13:21: Texture: norm_bottom.png: Loading 1 faces(PF_R8G8B8,1024x1024x1) with  hardware generated mipmaps from Image. Internal format is PF_X8R8G8B8,1024x1024x1.
21:13:21: D3D9 : Loading 2D Texture, image name : 'color_back.dds' with 5 mip map levels
21:13:21: D3D9 : Loading 2D Texture, image name : 'color_right.dds' with 5 mip map levels
21:13:21: D3D9 : Loading 2D Texture, image name : 'color_front.dds' with 5 mip map levels
21:13:21: D3D9 : Loading 2D Texture, image name : 'color_left.dds' with 5 mip map levels
21:13:21: D3D9 : Loading 2D Texture, image name : 'color_top.dds' with 5 mip map levels
21:13:21: D3D9 : Loading 2D Texture, image name : 'color_bottom.dds' with 5 mip map levels
21:14:35: DefaultWorkQueue('Root') shutting down on thread 0059DD88.
21:14:35: DefaultWorkQueue('Root')::WorkerFunc - thread 005B0560 stopped.
21:14:35: DefaultWorkQueue('Root')::WorkerFunc - thread 005B0CD0 stopped.
21:14:35: DefaultWorkQueue('Root')::WorkerFunc - thread 005B0950 stopped.
21:14:35: DefaultWorkQueue('Root')::WorkerFunc - thread 005B05D0 stopped.
21:14:35: *-*-* OGRE Shutdown
21:14:35: Unregistering ResourceManager for type Compositor
21:14:35: Unregistering ResourceManager for type Font
21:14:35: Unregistering ResourceManager for type Skeleton
21:14:35: Unregistering ResourceManager for type Mesh
21:14:35: Unregistering ResourceManager for type HighLevelGpuProgram
21:14:35: Uninstalling plugin: Cg Program Manager
21:14:35: Plugin successfully uninstalled
21:14:35: Unloading library .\Plugin_CgProgramManager
21:14:35: Uninstalling plugin: ParticleFX
21:14:35: Plugin successfully uninstalled
21:14:35: Unloading library .\Plugin_ParticleFX
21:14:35: Uninstalling plugin: D3D9 RenderSystem
21:14:35: D3D9 device: 0x[033508A0] destroy. Releasing D3D9 texture: norm_front.png
21:14:35: Released D3D9 texture: norm_front.png
21:14:35: D3D9 device: 0x[033508A0] destroy. Releasing D3D9 texture: norm_right.png
21:14:35: Released D3D9 texture: norm_right.png
21:14:35: D3D9 device: 0x[033508A0] destroy. Releasing D3D9 texture: norm_left.png
21:14:35: Released D3D9 texture: norm_left.png
21:14:35: D3D9 device: 0x[033508A0] destroy. Releasing D3D9 texture: norm_back.png
21:14:35: Released D3D9 texture: norm_back.png
21:14:35: D3D9 device: 0x[033508A0] destroy. Releasing D3D9 texture: norm_top.png
21:14:35: Released D3D9 texture: norm_top.png
21:14:35: D3D9 device: 0x[033508A0] destroy. Releasing D3D9 texture: color_front.dds
21:14:35: Released D3D9 texture: color_front.dds
21:14:35: D3D9 device: 0x[033508A0] destroy. Releasing D3D9 texture: color_back.dds
21:14:35: Released D3D9 texture: color_back.dds
21:14:35: D3D9 device: 0x[033508A0] destroy. Releasing D3D9 texture: color_right.dds
21:14:35: Released D3D9 texture: color_right.dds
21:14:35: D3D9 device: 0x[033508A0] destroy. Releasing D3D9 texture: color_left.dds
21:14:35: Released D3D9 texture: color_left.dds
21:14:35: D3D9 device: 0x[033508A0] destroy. Releasing D3D9 texture: color_top.dds
21:14:35: Released D3D9 texture: color_top.dds
21:14:36: D3D9 : Shutting down cleanly.
21:14:36: Unregistering ResourceManager for type Texture
21:14:36: Unregistering ResourceManager for type GpuProgram
21:14:36: D3D9 : Direct3D9 Rendering Subsystem destroyed.
21:14:36: Plugin successfully uninstalled
21:14:36: Unloading library .\RenderSystem_Direct3D9
21:14:36: Unregistering ResourceManager for type Material
