  Utility.cpp
  Universe.cpp
d:\projects\svn\kinect-skydiving\kinectskydiving\include\DVector3.h(25): warning C4244: 'argument' : conversion from 'const double' to 'const Ogre::Real', possible loss of data
d:\projects\svn\kinect-skydiving\kinectskydiving\include\DVector3.h(25): warning C4244: 'argument' : conversion from 'const double' to 'const Ogre::Real', possible loss of data
d:\projects\svn\kinect-skydiving\kinectskydiving\include\DVector3.h(25): warning C4244: 'argument' : conversion from 'const double' to 'const Ogre::Real', possible loss of data
d:\projects\svn\kinect-skydiving\kinectskydiving\include\Planet.h(52): warning C4482: nonstandard extension used: enum 'GalaxyEngine::PlanetMath::CubeFace' used in qualified name
d:\projects\svn\kinect-skydiving\kinectskydiving\include\Planet.h(67): warning C4482: nonstandard extension used: enum 'GalaxyEngine::PlanetMath::Quadrant' used in qualified name
src\Universe.cpp(46): warning C4244: '=' : conversion from 'float' to 'unsigned int', possible loss of data
src\Universe.cpp(52): warning C4244: 'initializing' : conversion from 'int' to 'float', possible loss of data
src\Universe.cpp(222): warning C4244: '+=' : conversion from 'double' to 'Ogre::Real', possible loss of data
src\Universe.cpp(223): warning C4244: '+=' : conversion from 'double' to 'Ogre::Real', possible loss of data
src\Universe.cpp(224): warning C4244: '+=' : conversion from 'double' to 'Ogre::Real', possible loss of data
src\Universe.cpp(356): warning C4244: 'argument' : conversion from 'double' to 'Ogre::Real', possible loss of data
src\Universe.cpp(960): warning C4244: 'argument' : conversion from 'const double' to 'const Ogre::Real', possible loss of data
src\Universe.cpp(960): warning C4244: 'argument' : conversion from 'const double' to 'const Ogre::Real', possible loss of data
src\Universe.cpp(960): warning C4244: 'argument' : conversion from 'const double' to 'const Ogre::Real', possible loss of data
  Star.cpp
  SpritePlanet.cpp
src\SpritePlanet.cpp(134): warning C4244: '=' : conversion from 'Ogre::Real' to 'BYTE', possible loss of data
src\SpritePlanet.cpp(135): warning C4244: '=' : conversion from 'Ogre::Real' to 'BYTE', possible loss of data
src\SpritePlanet.cpp(136): warning C4244: '=' : conversion from 'Ogre::Real' to 'BYTE', possible loss of data
  SpaceBackdrop.cpp
d:\projects\svn\kinect-skydiving\kinectskydiving\include\DVector3.h(25): warning C4244: 'argument' : conversion from 'const double' to 'const Ogre::Real', possible loss of data
d:\projects\svn\kinect-skydiving\kinectskydiving\include\DVector3.h(25): warning C4244: 'argument' : conversion from 'const double' to 'const Ogre::Real', possible loss of data
d:\projects\svn\kinect-skydiving\kinectskydiving\include\DVector3.h(25): warning C4244: 'argument' : conversion from 'const double' to 'const Ogre::Real', possible loss of data
d:\projects\svn\kinect-skydiving\kinectskydiving\include\Planet.h(52): warning C4482: nonstandard extension used: enum 'GalaxyEngine::PlanetMath::CubeFace' used in qualified name
d:\projects\svn\kinect-skydiving\kinectskydiving\include\Planet.h(67): warning C4482: nonstandard extension used: enum 'GalaxyEngine::PlanetMath::Quadrant' used in qualified name
  SimplePlanet.cpp
  RayCastCollision.cpp
d:\projects\svn\kinect-skydiving\kinectskydiving\include\Planet.h(52): warning C4482: nonstandard extension used: enum 'GalaxyEngine::PlanetMath::CubeFace' used in qualified name
d:\projects\svn\kinect-skydiving\kinectskydiving\include\Planet.h(67): warning C4482: nonstandard extension used: enum 'GalaxyEngine::PlanetMath::Quadrant' used in qualified name
src\RayCastCollision.cpp(32): warning C4482: nonstandard extension used: enum 'GalaxyEngine::PlanetMath::Quadrant' used in qualified name
src\RayCastCollision.cpp(51): warning C4482: nonstandard extension used: enum 'GalaxyEngine::PlanetMath::CubeFace' used in qualified name
src\RayCastCollision.cpp(59): warning C4018: '<' : signed/unsigned mismatch
  PlanetMath.cpp
  PlanetLoader_Hybrid.cpp
d:\projects\svn\kinect-skydiving\kinectskydiving\include\Planet.h(52): warning C4482: nonstandard extension used: enum 'GalaxyEngine::PlanetMath::CubeFace' used in qualified name
d:\projects\svn\kinect-skydiving\kinectskydiving\include\Planet.h(67): warning C4482: nonstandard extension used: enum 'GalaxyEngine::PlanetMath::Quadrant' used in qualified name
src\PlanetLoader_Hybrid.cpp(206): warning C4244: 'argument' : conversion from 'Ogre::uint32' to 'Ogre::Real', possible loss of data
src\PlanetLoader_Hybrid.cpp(206): warning C4244: '=' : conversion from 'Ogre::Real' to 'Ogre::uint32', possible loss of data
src\PlanetLoader_Hybrid.cpp(270): warning C4244: 'argument' : conversion from 'const Ogre::uint32' to 'Ogre::Real', possible loss of data
src\PlanetLoader_Hybrid.cpp(270): warning C4244: '=' : conversion from 'Ogre::Real' to 'Ogre::uint32', possible loss of data
src\PlanetLoader_Hybrid.cpp(465): warning C4244: '=' : conversion from 'float' to 'Ogre::uint32', possible loss of data
src\PlanetLoader_Hybrid.cpp(466): warning C4244: '=' : conversion from 'float' to 'Ogre::uint32', possible loss of data
src\PlanetLoader_Hybrid.cpp(467): warning C4244: '=' : conversion from 'float' to 'Ogre::uint32', possible loss of data
src\PlanetLoader_Hybrid.cpp(468): warning C4244: '=' : conversion from 'float' to 'Ogre::uint32', possible loss of data
src\PlanetLoader_Hybrid.cpp(483): warning C4244: 'initializing' : conversion from 'Ogre::uint32' to 'float', possible loss of data
src\PlanetLoader_Hybrid.cpp(484): warning C4244: 'initializing' : conversion from 'float' to 'Ogre::uint32', possible loss of data
src\PlanetLoader_Hybrid.cpp(522): warning C4244: 'initializing' : conversion from 'Ogre::uint32' to 'float', possible loss of data
src\PlanetLoader_Hybrid.cpp(523): warning C4244: 'initializing' : conversion from 'float' to 'Ogre::uint32', possible loss of data
src\PlanetLoader_Hybrid.cpp(563): warning C4244: 'initializing' : conversion from 'Ogre::uint32' to 'float', possible loss of data
src\PlanetLoader_Hybrid.cpp(564): warning C4244: 'initializing' : conversion from 'float' to 'Ogre::uint32', possible loss of data
src\PlanetLoader_Hybrid.cpp(616): warning C4244: 'initializing' : conversion from 'Ogre::uint32' to 'float', possible loss of data
src\PlanetLoader_Hybrid.cpp(617): warning C4244: 'initializing' : conversion from 'float' to 'Ogre::uint32', possible loss of data
src\PlanetLoader_Hybrid.cpp(922): warning C4244: '=' : conversion from 'Ogre::Real' to 'BYTE', possible loss of data
src\PlanetLoader_Hybrid.cpp(923): warning C4244: '=' : conversion from 'Ogre::Real' to 'BYTE', possible loss of data
src\PlanetLoader_Hybrid.cpp(924): warning C4244: '=' : conversion from 'Ogre::Real' to 'BYTE', possible loss of data
src\PlanetLoader_Hybrid.cpp(958): warning C4244: '=' : conversion from 'float' to 'Ogre::uint32', possible loss of data
src\PlanetLoader_Hybrid.cpp(959): warning C4244: '=' : conversion from 'float' to 'Ogre::uint32', possible loss of data
src\PlanetLoader_Hybrid.cpp(960): warning C4244: '=' : conversion from 'float' to 'Ogre::uint32', possible loss of data
src\PlanetLoader_Hybrid.cpp(961): warning C4244: '=' : conversion from 'float' to 'Ogre::uint32', possible loss of data
src\PlanetLoader_Hybrid.cpp(996): warning C4244: '=' : conversion from 'float' to 'Ogre::uint32', possible loss of data
src\PlanetLoader_Hybrid.cpp(997): warning C4244: '=' : conversion from 'float' to 'Ogre::uint32', possible loss of data
src\PlanetLoader_Hybrid.cpp(998): warning C4244: '=' : conversion from 'float' to 'Ogre::uint32', possible loss of data
src\PlanetLoader_Hybrid.cpp(999): warning C4244: '=' : conversion from 'float' to 'Ogre::uint32', possible loss of data
src\PlanetLoader_Hybrid.cpp(1007): warning C4244: '=' : conversion from 'float' to 'Ogre::uint32', possible loss of data
src\PlanetLoader_Hybrid.cpp(1008): warning C4244: '=' : conversion from 'float' to 'Ogre::uint32', possible loss of data
src\PlanetLoader_Hybrid.cpp(1009): warning C4244: '=' : conversion from 'float' to 'Ogre::uint32', possible loss of data
src\PlanetLoader_Hybrid.cpp(1010): warning C4244: '=' : conversion from 'float' to 'Ogre::uint32', possible loss of data
src\PlanetLoader_Hybrid.cpp(1018): warning C4244: 'initializing' : conversion from 'double' to 'float', possible loss of data
src\PlanetLoader_Hybrid.cpp(1029): warning C4244: 'initializing' : conversion from 'float' to 'Ogre::uint32', possible loss of data
src\PlanetLoader_Hybrid.cpp(1062): warning C4244: 'argument' : conversion from 'int' to 'Ogre::Real', possible loss of data
  Planet.cpp
D:\Projects\SVN\kinect-skydiving\KinectSkyDiving\include\Planet.h(52): warning C4482: nonstandard extension used: enum 'GalaxyEngine::PlanetMath::CubeFace' used in qualified name
D:\Projects\SVN\kinect-skydiving\KinectSkyDiving\include\Planet.h(67): warning C4482: nonstandard extension used: enum 'GalaxyEngine::PlanetMath::Quadrant' used in qualified name
src\Planet.cpp(78): warning C4244: 'initializing' : conversion from 'int' to 'float', possible loss of data
  Main.cpp
d:\projects\svn\kinect-skydiving\kinectskydiving\include\Planet.h(52): warning C4482: nonstandard extension used: enum 'GalaxyEngine::PlanetMath::CubeFace' used in qualified name
d:\projects\svn\kinect-skydiving\kinectskydiving\include\Planet.h(67): warning C4482: nonstandard extension used: enum 'GalaxyEngine::PlanetMath::Quadrant' used in qualified name
  GameSystem.cpp
d:\projects\svn\kinect-skydiving\kinectskydiving\include\Planet.h(52): warning C4482: nonstandard extension used: enum 'GalaxyEngine::PlanetMath::CubeFace' used in qualified name
d:\projects\svn\kinect-skydiving\kinectskydiving\include\Planet.h(67): warning C4482: nonstandard extension used: enum 'GalaxyEngine::PlanetMath::Quadrant' used in qualified name
d:\projects\svn\kinect-skydiving\kinectskydiving\include\DVector3.h(25): warning C4244: 'argument' : conversion from 'const double' to 'const Ogre::Real', possible loss of data
d:\projects\svn\kinect-skydiving\kinectskydiving\include\DVector3.h(25): warning C4244: 'argument' : conversion from 'const double' to 'const Ogre::Real', possible loss of data
d:\projects\svn\kinect-skydiving\kinectskydiving\include\DVector3.h(25): warning C4244: 'argument' : conversion from 'const double' to 'const Ogre::Real', possible loss of data
  Exception.cpp
  Core.cpp
d:\projects\svn\kinect-skydiving\kinectskydiving\include\DVector3.h(25): warning C4244: 'argument' : conversion from 'const double' to 'const Ogre::Real', possible loss of data
d:\projects\svn\kinect-skydiving\kinectskydiving\include\DVector3.h(25): warning C4244: 'argument' : conversion from 'const double' to 'const Ogre::Real', possible loss of data
d:\projects\svn\kinect-skydiving\kinectskydiving\include\DVector3.h(25): warning C4244: 'argument' : conversion from 'const double' to 'const Ogre::Real', possible loss of data
d:\projects\svn\kinect-skydiving\kinectskydiving\include\Planet.h(52): warning C4482: nonstandard extension used: enum 'GalaxyEngine::PlanetMath::CubeFace' used in qualified name
d:\projects\svn\kinect-skydiving\kinectskydiving\include\Planet.h(67): warning C4482: nonstandard extension used: enum 'GalaxyEngine::PlanetMath::Quadrant' used in qualified name
  ConfigScript.cpp
  Character.cpp
  BaseApplication.cpp
  Atmosphere.cpp
src\Atmosphere.cpp(38): warning C4244: '=' : conversion from 'float' to 'Ogre::uint32', possible loss of data
src\Atmosphere.cpp(39): warning C4244: '=' : conversion from 'float' to 'Ogre::uint32', possible loss of data
src\Atmosphere.cpp(40): warning C4244: '=' : conversion from 'float' to 'Ogre::uint32', possible loss of data
src\Atmosphere.cpp(88): warning C4244: 'initializing' : conversion from 'int' to 'float', possible loss of data
  App.cpp
d:\projects\svn\kinect-skydiving\kinectskydiving\include\Planet.h(52): warning C4482: nonstandard extension used: enum 'GalaxyEngine::PlanetMath::CubeFace' used in qualified name
d:\projects\svn\kinect-skydiving\kinectskydiving\include\Planet.h(67): warning C4482: nonstandard extension used: enum 'GalaxyEngine::PlanetMath::Quadrant' used in qualified name
  Generating code
  Finished generating code
  KinectSkyDiving.vcxproj -> D:\Projects\SVN\kinect-skydiving\KinectSkyDiving\bin\Release\KinectSkyDiving.exe
