bin\Debug\KinectSkyDiving.ilk
D:\PROJECTS\SVN\GALAXYENGINE\KINECTSKYDIVING\BIN\DEBUG\GALAXYENGINE.PDB
D:\PROJECTS\SVN\GALAXYENGINE\KINECTSKYDIVING\BIN\DEBUG\KINECTSKYDIVING.EXE
D:\PROJECTS\SVN\GALAXYENGINE\KINECTSKYDIVING\BIN\DEBUG\KINECTSKYDIVING.ILK
D:\PROJECTS\SVN\GALAXYENGINE\KINECTSKYDIVING\OBJ\DEBUG\APP.OBJ
D:\PROJECTS\SVN\GALAXYENGINE\KINECTSKYDIVING\OBJ\DEBUG\ATMOSPHERE.OBJ
D:\PROJECTS\SVN\GALAXYENGINE\KINECTSKYDIVING\OBJ\DEBUG\BASEAPPLICATION.OBJ
D:\PROJECTS\SVN\GALAXYENGINE\KINECTSKYDIVING\OBJ\DEBUG\CHARACTER.OBJ
D:\Projects\SVN\GalaxyEngine\KinectSkyDiving\obj\Debug\cl.command.1.tlog
D:\Projects\SVN\GalaxyEngine\KinectSkyDiving\obj\Debug\CL.read.1.tlog
D:\Projects\SVN\GalaxyEngine\KinectSkyDiving\obj\Debug\CL.write.1.tlog
D:\PROJECTS\SVN\GALAXYENGINE\KINECTSKYDIVING\OBJ\DEBUG\CONFIGSCRIPT.OBJ
D:\PROJECTS\SVN\GALAXYENGINE\KINECTSKYDIVING\OBJ\DEBUG\CORE.OBJ
D:\PROJECTS\SVN\GALAXYENGINE\KINECTSKYDIVING\OBJ\DEBUG\EXCEPTION.OBJ
D:\PROJECTS\SVN\GALAXYENGINE\KINECTSKYDIVING\OBJ\DEBUG\GALAXYENGINE.RES
D:\PROJECTS\SVN\GALAXYENGINE\KINECTSKYDIVING\OBJ\DEBUG\GAMESYSTEM.OBJ
D:\PROJECTS\SVN\GALAXYENGINE\KINECTSKYDIVING\OBJ\DEBUG\KINECTSKYDIVING.EXE.EMBED.MANIFEST
D:\PROJECTS\SVN\GALAXYENGINE\KINECTSKYDIVING\OBJ\DEBUG\KINECTSKYDIVING.EXE.EMBED.MANIFEST.RES
D:\PROJECTS\SVN\GALAXYENGINE\KINECTSKYDIVING\OBJ\DEBUG\KINECTSKYDIVING.EXE.INTERMEDIATE.MANIFEST
D:\PROJECTS\SVN\GALAXYENGINE\KINECTSKYDIVING\OBJ\DEBUG\KINECTSKYDIVING.PCH
D:\Projects\SVN\GalaxyEngine\KinectSkyDiving\obj\Debug\KinectSkyDiving_manifest.rc
D:\Projects\SVN\GalaxyEngine\KinectSkyDiving\obj\Debug\link.4780.read.1.tlog
D:\Projects\SVN\GalaxyEngine\KinectSkyDiving\obj\Debug\link.4780.write.1.tlog
D:\Projects\SVN\GalaxyEngine\KinectSkyDiving\obj\Debug\link.4780-cvtres.read.1.tlog
D:\Projects\SVN\GalaxyEngine\KinectSkyDiving\obj\Debug\link.4780-cvtres.write.1.tlog
D:\Projects\SVN\GalaxyEngine\KinectSkyDiving\obj\Debug\link.6244.read.1.tlog
D:\Projects\SVN\GalaxyEngine\KinectSkyDiving\obj\Debug\link.6244.write.1.tlog
D:\Projects\SVN\GalaxyEngine\KinectSkyDiving\obj\Debug\link.6244-cvtres.read.1.tlog
D:\Projects\SVN\GalaxyEngine\KinectSkyDiving\obj\Debug\link.6244-cvtres.write.1.tlog
D:\Projects\SVN\GalaxyEngine\KinectSkyDiving\obj\Debug\link.command.1.tlog
D:\Projects\SVN\GalaxyEngine\KinectSkyDiving\obj\Debug\link.read.1.tlog
D:\Projects\SVN\GalaxyEngine\KinectSkyDiving\obj\Debug\link.write.1.tlog
D:\Projects\SVN\GalaxyEngine\KinectSkyDiving\obj\Debug\link-cvtres.read.1.tlog
D:\Projects\SVN\GalaxyEngine\KinectSkyDiving\obj\Debug\link-cvtres.write.1.tlog
D:\PROJECTS\SVN\GALAXYENGINE\KINECTSKYDIVING\OBJ\DEBUG\MAIN.OBJ
D:\Projects\SVN\GalaxyEngine\KinectSkyDiving\obj\Debug\mt.command.1.tlog
D:\Projects\SVN\GalaxyEngine\KinectSkyDiving\obj\Debug\mt.read.1.tlog
D:\Projects\SVN\GalaxyEngine\KinectSkyDiving\obj\Debug\mt.write.1.tlog
D:\PROJECTS\SVN\GALAXYENGINE\KINECTSKYDIVING\OBJ\DEBUG\PLANET.OBJ
D:\PROJECTS\SVN\GALAXYENGINE\KINECTSKYDIVING\OBJ\DEBUG\PLANETLOADER_HYBRID.OBJ
D:\PROJECTS\SVN\GALAXYENGINE\KINECTSKYDIVING\OBJ\DEBUG\PLANETMATH.OBJ
D:\PROJECTS\SVN\GALAXYENGINE\KINECTSKYDIVING\OBJ\DEBUG\RAYCASTCOLLISION.OBJ
D:\Projects\SVN\GalaxyEngine\KinectSkyDiving\obj\Debug\rc.command.1.tlog
D:\Projects\SVN\GalaxyEngine\KinectSkyDiving\obj\Debug\rc.read.1.tlog
D:\Projects\SVN\GalaxyEngine\KinectSkyDiving\obj\Debug\rc.write.1.tlog
D:\PROJECTS\SVN\GALAXYENGINE\KINECTSKYDIVING\OBJ\DEBUG\SIMPLEPLANET.OBJ
D:\PROJECTS\SVN\GALAXYENGINE\KINECTSKYDIVING\OBJ\DEBUG\SPACEBACKDROP.OBJ
D:\PROJECTS\SVN\GALAXYENGINE\KINECTSKYDIVING\OBJ\DEBUG\SPRITEPLANET.OBJ
D:\PROJECTS\SVN\GALAXYENGINE\KINECTSKYDIVING\OBJ\DEBUG\STAR.OBJ
D:\PROJECTS\SVN\GALAXYENGINE\KINECTSKYDIVING\OBJ\DEBUG\UNIVERSE.OBJ
D:\PROJECTS\SVN\GALAXYENGINE\KINECTSKYDIVING\OBJ\DEBUG\UTILITY.OBJ
D:\Projects\SVN\GalaxyEngine\KinectSkyDiving\obj\Debug\vc100.idb
D:\PROJECTS\SVN\GALAXYENGINE\KINECTSKYDIVING\OBJ\DEBUG\VC100.PDB
