  Utility.cpp
  Universe.cpp
d:\projects\svn\kinect-skydiving\kinectskydiving\include\dvector3.h(25): warning C4244: 'argument' : conversion from 'const double' to 'const Ogre::Real', possible loss of data
d:\projects\svn\kinect-skydiving\kinectskydiving\include\dvector3.h(25): warning C4244: 'argument' : conversion from 'const double' to 'const Ogre::Real', possible loss of data
d:\projects\svn\kinect-skydiving\kinectskydiving\include\dvector3.h(25): warning C4244: 'argument' : conversion from 'const double' to 'const Ogre::Real', possible loss of data
d:\projects\svn\kinect-skydiving\kinectskydiving\include\planet.h(52): warning C4482: nonstandard extension used: enum 'GalaxyEngine::PlanetMath::CubeFace' used in qualified name
d:\projects\svn\kinect-skydiving\kinectskydiving\include\planet.h(67): warning C4482: nonstandard extension used: enum 'GalaxyEngine::PlanetMath::Quadrant' used in qualified name
d:\projects\svn\kinect-skydiving\kinectskydiving\src\universe.cpp(46): warning C4244: '=' : conversion from 'float' to 'unsigned int', possible loss of data
d:\projects\svn\kinect-skydiving\kinectskydiving\src\universe.cpp(52): warning C4244: 'initializing' : conversion from 'int' to 'float', possible loss of data
d:\projects\svn\kinect-skydiving\kinectskydiving\src\universe.cpp(222): warning C4244: '+=' : conversion from 'double' to 'Ogre::Real', possible loss of data
d:\projects\svn\kinect-skydiving\kinectskydiving\src\universe.cpp(223): warning C4244: '+=' : conversion from 'double' to 'Ogre::Real', possible loss of data
d:\projects\svn\kinect-skydiving\kinectskydiving\src\universe.cpp(224): warning C4244: '+=' : conversion from 'double' to 'Ogre::Real', possible loss of data
d:\projects\svn\kinect-skydiving\kinectskydiving\src\universe.cpp(356): warning C4244: 'argument' : conversion from 'double' to 'Ogre::Real', possible loss of data
d:\projects\svn\kinect-skydiving\kinectskydiving\src\universe.cpp(960): warning C4244: 'argument' : conversion from 'const double' to 'const Ogre::Real', possible loss of data
d:\projects\svn\kinect-skydiving\kinectskydiving\src\universe.cpp(960): warning C4244: 'argument' : conversion from 'const double' to 'const Ogre::Real', possible loss of data
d:\projects\svn\kinect-skydiving\kinectskydiving\src\universe.cpp(960): warning C4244: 'argument' : conversion from 'const double' to 'const Ogre::Real', possible loss of data
  Star.cpp
  SpritePlanet.cpp
d:\projects\svn\kinect-skydiving\kinectskydiving\src\spriteplanet.cpp(134): warning C4244: '=' : conversion from 'Ogre::Real' to 'BYTE', possible loss of data
d:\projects\svn\kinect-skydiving\kinectskydiving\src\spriteplanet.cpp(135): warning C4244: '=' : conversion from 'Ogre::Real' to 'BYTE', possible loss of data
d:\projects\svn\kinect-skydiving\kinectskydiving\src\spriteplanet.cpp(136): warning C4244: '=' : conversion from 'Ogre::Real' to 'BYTE', possible loss of data
  SpaceBackdrop.cpp
d:\projects\svn\kinect-skydiving\kinectskydiving\include\dvector3.h(25): warning C4244: 'argument' : conversion from 'const double' to 'const Ogre::Real', possible loss of data
d:\projects\svn\kinect-skydiving\kinectskydiving\include\dvector3.h(25): warning C4244: 'argument' : conversion from 'const double' to 'const Ogre::Real', possible loss of data
d:\projects\svn\kinect-skydiving\kinectskydiving\include\dvector3.h(25): warning C4244: 'argument' : conversion from 'const double' to 'const Ogre::Real', possible loss of data
d:\projects\svn\kinect-skydiving\kinectskydiving\include\planet.h(52): warning C4482: nonstandard extension used: enum 'GalaxyEngine::PlanetMath::CubeFace' used in qualified name
d:\projects\svn\kinect-skydiving\kinectskydiving\include\planet.h(67): warning C4482: nonstandard extension used: enum 'GalaxyEngine::PlanetMath::Quadrant' used in qualified name
  SimplePlanet.cpp
  RayCastCollision.cpp
d:\projects\svn\kinect-skydiving\kinectskydiving\include\planet.h(52): warning C4482: nonstandard extension used: enum 'GalaxyEngine::PlanetMath::CubeFace' used in qualified name
d:\projects\svn\kinect-skydiving\kinectskydiving\include\planet.h(67): warning C4482: nonstandard extension used: enum 'GalaxyEngine::PlanetMath::Quadrant' used in qualified name
d:\projects\svn\kinect-skydiving\kinectskydiving\src\raycastcollision.cpp(32): warning C4482: nonstandard extension used: enum 'GalaxyEngine::PlanetMath::Quadrant' used in qualified name
d:\projects\svn\kinect-skydiving\kinectskydiving\src\raycastcollision.cpp(52): warning C4482: nonstandard extension used: enum 'GalaxyEngine::PlanetMath::CubeFace' used in qualified name
d:\projects\svn\kinect-skydiving\kinectskydiving\src\raycastcollision.cpp(60): warning C4018: '<' : signed/unsigned mismatch
  PlanetMath.cpp
  PlanetLoader_Hybrid.cpp
d:\projects\svn\kinect-skydiving\kinectskydiving\include\planet.h(52): warning C4482: nonstandard extension used: enum 'GalaxyEngine::PlanetMath::CubeFace' used in qualified name
d:\projects\svn\kinect-skydiving\kinectskydiving\include\planet.h(67): warning C4482: nonstandard extension used: enum 'GalaxyEngine::PlanetMath::Quadrant' used in qualified name
d:\projects\svn\kinect-skydiving\kinectskydiving\src\planetloader_hybrid.cpp(206): warning C4244: 'argument' : conversion from 'Ogre::uint32' to 'Ogre::Real', possible loss of data
d:\projects\svn\kinect-skydiving\kinectskydiving\src\planetloader_hybrid.cpp(206): warning C4244: '=' : conversion from 'Ogre::Real' to 'Ogre::uint32', possible loss of data
d:\projects\svn\kinect-skydiving\kinectskydiving\src\planetloader_hybrid.cpp(270): warning C4244: 'argument' : conversion from 'const Ogre::uint32' to 'Ogre::Real', possible loss of data
d:\projects\svn\kinect-skydiving\kinectskydiving\src\planetloader_hybrid.cpp(270): warning C4244: '=' : conversion from 'Ogre::Real' to 'Ogre::uint32', possible loss of data
d:\projects\svn\kinect-skydiving\kinectskydiving\src\planetloader_hybrid.cpp(465): warning C4244: '=' : conversion from 'float' to 'Ogre::uint32', possible loss of data
d:\projects\svn\kinect-skydiving\kinectskydiving\src\planetloader_hybrid.cpp(466): warning C4244: '=' : conversion from 'float' to 'Ogre::uint32', possible loss of data
d:\projects\svn\kinect-skydiving\kinectskydiving\src\planetloader_hybrid.cpp(467): warning C4244: '=' : conversion from 'float' to 'Ogre::uint32', possible loss of data
d:\projects\svn\kinect-skydiving\kinectskydiving\src\planetloader_hybrid.cpp(468): warning C4244: '=' : conversion from 'float' to 'Ogre::uint32', possible loss of data
d:\projects\svn\kinect-skydiving\kinectskydiving\src\planetloader_hybrid.cpp(483): warning C4244: 'initializing' : conversion from 'Ogre::uint32' to 'float', possible loss of data
d:\projects\svn\kinect-skydiving\kinectskydiving\src\planetloader_hybrid.cpp(484): warning C4244: 'initializing' : conversion from 'float' to 'Ogre::uint32', possible loss of data
d:\projects\svn\kinect-skydiving\kinectskydiving\src\planetloader_hybrid.cpp(522): warning C4244: 'initializing' : conversion from 'Ogre::uint32' to 'float', possible loss of data
d:\projects\svn\kinect-skydiving\kinectskydiving\src\planetloader_hybrid.cpp(523): warning C4244: 'initializing' : conversion from 'float' to 'Ogre::uint32', possible loss of data
d:\projects\svn\kinect-skydiving\kinectskydiving\src\planetloader_hybrid.cpp(563): warning C4244: 'initializing' : conversion from 'Ogre::uint32' to 'float', possible loss of data
d:\projects\svn\kinect-skydiving\kinectskydiving\src\planetloader_hybrid.cpp(564): warning C4244: 'initializing' : conversion from 'float' to 'Ogre::uint32', possible loss of data
d:\projects\svn\kinect-skydiving\kinectskydiving\src\planetloader_hybrid.cpp(616): warning C4244: 'initializing' : conversion from 'Ogre::uint32' to 'float', possible loss of data
d:\projects\svn\kinect-skydiving\kinectskydiving\src\planetloader_hybrid.cpp(617): warning C4244: 'initializing' : conversion from 'float' to 'Ogre::uint32', possible loss of data
d:\projects\svn\kinect-skydiving\kinectskydiving\src\planetloader_hybrid.cpp(922): warning C4244: '=' : conversion from 'Ogre::Real' to 'BYTE', possible loss of data
d:\projects\svn\kinect-skydiving\kinectskydiving\src\planetloader_hybrid.cpp(923): warning C4244: '=' : conversion from 'Ogre::Real' to 'BYTE', possible loss of data
d:\projects\svn\kinect-skydiving\kinectskydiving\src\planetloader_hybrid.cpp(924): warning C4244: '=' : conversion from 'Ogre::Real' to 'BYTE', possible loss of data
d:\projects\svn\kinect-skydiving\kinectskydiving\src\planetloader_hybrid.cpp(958): warning C4244: '=' : conversion from 'float' to 'Ogre::uint32', possible loss of data
d:\projects\svn\kinect-skydiving\kinectskydiving\src\planetloader_hybrid.cpp(959): warning C4244: '=' : conversion from 'float' to 'Ogre::uint32', possible loss of data
d:\projects\svn\kinect-skydiving\kinectskydiving\src\planetloader_hybrid.cpp(960): warning C4244: '=' : conversion from 'float' to 'Ogre::uint32', possible loss of data
d:\projects\svn\kinect-skydiving\kinectskydiving\src\planetloader_hybrid.cpp(961): warning C4244: '=' : conversion from 'float' to 'Ogre::uint32', possible loss of data
d:\projects\svn\kinect-skydiving\kinectskydiving\src\planetloader_hybrid.cpp(996): warning C4244: '=' : conversion from 'float' to 'Ogre::uint32', possible loss of data
d:\projects\svn\kinect-skydiving\kinectskydiving\src\planetloader_hybrid.cpp(997): warning C4244: '=' : conversion from 'float' to 'Ogre::uint32', possible loss of data
d:\projects\svn\kinect-skydiving\kinectskydiving\src\planetloader_hybrid.cpp(998): warning C4244: '=' : conversion from 'float' to 'Ogre::uint32', possible loss of data
d:\projects\svn\kinect-skydiving\kinectskydiving\src\planetloader_hybrid.cpp(999): warning C4244: '=' : conversion from 'float' to 'Ogre::uint32', possible loss of data
d:\projects\svn\kinect-skydiving\kinectskydiving\src\planetloader_hybrid.cpp(1007): warning C4244: '=' : conversion from 'float' to 'Ogre::uint32', possible loss of data
d:\projects\svn\kinect-skydiving\kinectskydiving\src\planetloader_hybrid.cpp(1008): warning C4244: '=' : conversion from 'float' to 'Ogre::uint32', possible loss of data
d:\projects\svn\kinect-skydiving\kinectskydiving\src\planetloader_hybrid.cpp(1009): warning C4244: '=' : conversion from 'float' to 'Ogre::uint32', possible loss of data
d:\projects\svn\kinect-skydiving\kinectskydiving\src\planetloader_hybrid.cpp(1010): warning C4244: '=' : conversion from 'float' to 'Ogre::uint32', possible loss of data
d:\projects\svn\kinect-skydiving\kinectskydiving\src\planetloader_hybrid.cpp(1018): warning C4244: 'initializing' : conversion from 'double' to 'float', possible loss of data
d:\projects\svn\kinect-skydiving\kinectskydiving\src\planetloader_hybrid.cpp(1029): warning C4244: 'initializing' : conversion from 'float' to 'Ogre::uint32', possible loss of data
d:\projects\svn\kinect-skydiving\kinectskydiving\src\planetloader_hybrid.cpp(1062): warning C4244: 'argument' : conversion from 'int' to 'Ogre::Real', possible loss of data
  Planet.cpp
d:\projects\svn\kinect-skydiving\kinectskydiving\include\planet.h(52): warning C4482: nonstandard extension used: enum 'GalaxyEngine::PlanetMath::CubeFace' used in qualified name
d:\projects\svn\kinect-skydiving\kinectskydiving\include\planet.h(67): warning C4482: nonstandard extension used: enum 'GalaxyEngine::PlanetMath::Quadrant' used in qualified name
d:\projects\svn\kinect-skydiving\kinectskydiving\src\planet.cpp(78): warning C4244: 'initializing' : conversion from 'int' to 'float', possible loss of data
  Main.cpp
d:\projects\svn\kinect-skydiving\kinectskydiving\include\planet.h(52): warning C4482: nonstandard extension used: enum 'GalaxyEngine::PlanetMath::CubeFace' used in qualified name
d:\projects\svn\kinect-skydiving\kinectskydiving\include\planet.h(67): warning C4482: nonstandard extension used: enum 'GalaxyEngine::PlanetMath::Quadrant' used in qualified name
  GameSystem.cpp
d:\projects\svn\kinect-skydiving\kinectskydiving\include\planet.h(52): warning C4482: nonstandard extension used: enum 'GalaxyEngine::PlanetMath::CubeFace' used in qualified name
d:\projects\svn\kinect-skydiving\kinectskydiving\include\planet.h(67): warning C4482: nonstandard extension used: enum 'GalaxyEngine::PlanetMath::Quadrant' used in qualified name
d:\projects\svn\kinect-skydiving\kinectskydiving\include\dvector3.h(25): warning C4244: 'argument' : conversion from 'const double' to 'const Ogre::Real', possible loss of data
d:\projects\svn\kinect-skydiving\kinectskydiving\include\dvector3.h(25): warning C4244: 'argument' : conversion from 'const double' to 'const Ogre::Real', possible loss of data
d:\projects\svn\kinect-skydiving\kinectskydiving\include\dvector3.h(25): warning C4244: 'argument' : conversion from 'const double' to 'const Ogre::Real', possible loss of data
  Exception.cpp
  Core.cpp
d:\projects\svn\kinect-skydiving\kinectskydiving\include\dvector3.h(25): warning C4244: 'argument' : conversion from 'const double' to 'const Ogre::Real', possible loss of data
d:\projects\svn\kinect-skydiving\kinectskydiving\include\dvector3.h(25): warning C4244: 'argument' : conversion from 'const double' to 'const Ogre::Real', possible loss of data
d:\projects\svn\kinect-skydiving\kinectskydiving\include\dvector3.h(25): warning C4244: 'argument' : conversion from 'const double' to 'const Ogre::Real', possible loss of data
d:\projects\svn\kinect-skydiving\kinectskydiving\include\planet.h(52): warning C4482: nonstandard extension used: enum 'GalaxyEngine::PlanetMath::CubeFace' used in qualified name
d:\projects\svn\kinect-skydiving\kinectskydiving\include\planet.h(67): warning C4482: nonstandard extension used: enum 'GalaxyEngine::PlanetMath::Quadrant' used in qualified name
  BaseApplication.cpp
  Atmosphere.cpp
d:\projects\svn\kinect-skydiving\kinectskydiving\src\atmosphere.cpp(39): warning C4244: '=' : conversion from 'float' to 'Ogre::uint32', possible loss of data
d:\projects\svn\kinect-skydiving\kinectskydiving\src\atmosphere.cpp(40): warning C4244: '=' : conversion from 'float' to 'Ogre::uint32', possible loss of data
d:\projects\svn\kinect-skydiving\kinectskydiving\src\atmosphere.cpp(41): warning C4244: '=' : conversion from 'float' to 'Ogre::uint32', possible loss of data
d:\projects\svn\kinect-skydiving\kinectskydiving\src\atmosphere.cpp(89): warning C4244: 'initializing' : conversion from 'int' to 'float', possible loss of data
  KinectSkyDiving.vcxproj -> D:\Projects\SVN\kinect-skydiving\KinectSkyDiving\bin\Debug\KinectSkyDiving.exe
          1 file(s) copied.
