D:\PROJECTS\SVN\KINECT-SKYDIVING\KINECTSKYDIVING\BIN\RELEASE\KINECTSKYDIVING.EXE
D:\PROJECTS\SVN\KINECT-SKYDIVING\KINECTSKYDIVING\OBJ\RELEASE\APP.OBJ
D:\PROJECTS\SVN\KINECT-SKYDIVING\KINECTSKYDIVING\OBJ\RELEASE\ATMOSPHERE.OBJ
D:\PROJECTS\SVN\KINECT-SKYDIVING\KINECTSKYDIVING\OBJ\RELEASE\BASEAPPLICATION.OBJ
D:\PROJECTS\SVN\KINECT-SKYDIVING\KINECTSKYDIVING\OBJ\RELEASE\CHARACTER.OBJ
D:\Projects\SVN\kinect-skydiving\KinectSkyDiving\obj\Release\cl.command.1.tlog
D:\Projects\SVN\kinect-skydiving\KinectSkyDiving\obj\Release\CL.read.1.tlog
D:\Projects\SVN\kinect-skydiving\KinectSkyDiving\obj\Release\CL.write.1.tlog
D:\PROJECTS\SVN\KINECT-SKYDIVING\KINECTSKYDIVING\OBJ\RELEASE\CONFIGSCRIPT.OBJ
D:\PROJECTS\SVN\KINECT-SKYDIVING\KINECTSKYDIVING\OBJ\RELEASE\CORE.OBJ
D:\PROJECTS\SVN\KINECT-SKYDIVING\KINECTSKYDIVING\OBJ\RELEASE\EXCEPTION.OBJ
D:\PROJECTS\SVN\KINECT-SKYDIVING\KINECTSKYDIVING\OBJ\RELEASE\GALAXYENGINE.RES
D:\PROJECTS\SVN\KINECT-SKYDIVING\KINECTSKYDIVING\OBJ\RELEASE\GAMESYSTEM.OBJ
D:\PROJECTS\SVN\KINECT-SKYDIVING\KINECTSKYDIVING\OBJ\RELEASE\KINECTSKYDIVING.EXE.INTERMEDIATE.MANIFEST
D:\Projects\SVN\kinect-skydiving\KinectSkyDiving\obj\Release\link.command.1.tlog
D:\Projects\SVN\kinect-skydiving\KinectSkyDiving\obj\Release\link.read.1.tlog
D:\Projects\SVN\kinect-skydiving\KinectSkyDiving\obj\Release\link.write.1.tlog
D:\Projects\SVN\kinect-skydiving\KinectSkyDiving\obj\Release\link-cvtres.read.1.tlog
D:\Projects\SVN\kinect-skydiving\KinectSkyDiving\obj\Release\link-cvtres.write.1.tlog
D:\PROJECTS\SVN\KINECT-SKYDIVING\KINECTSKYDIVING\OBJ\RELEASE\MAIN.OBJ
D:\Projects\SVN\kinect-skydiving\KinectSkyDiving\obj\Release\mt.command.1.tlog
D:\Projects\SVN\kinect-skydiving\KinectSkyDiving\obj\Release\mt.read.1.tlog
D:\Projects\SVN\kinect-skydiving\KinectSkyDiving\obj\Release\mt.write.1.tlog
D:\PROJECTS\SVN\KINECT-SKYDIVING\KINECTSKYDIVING\OBJ\RELEASE\PLANET.OBJ
D:\PROJECTS\SVN\KINECT-SKYDIVING\KINECTSKYDIVING\OBJ\RELEASE\PLANETLOADER_HYBRID.OBJ
D:\PROJECTS\SVN\KINECT-SKYDIVING\KINECTSKYDIVING\OBJ\RELEASE\PLANETMATH.OBJ
D:\PROJECTS\SVN\KINECT-SKYDIVING\KINECTSKYDIVING\OBJ\RELEASE\RAYCASTCOLLISION.OBJ
D:\Projects\SVN\kinect-skydiving\KinectSkyDiving\obj\Release\rc.command.1.tlog
D:\Projects\SVN\kinect-skydiving\KinectSkyDiving\obj\Release\rc.read.1.tlog
D:\Projects\SVN\kinect-skydiving\KinectSkyDiving\obj\Release\rc.write.1.tlog
D:\PROJECTS\SVN\KINECT-SKYDIVING\KINECTSKYDIVING\OBJ\RELEASE\SIMPLEPLANET.OBJ
D:\PROJECTS\SVN\KINECT-SKYDIVING\KINECTSKYDIVING\OBJ\RELEASE\SPACEBACKDROP.OBJ
D:\PROJECTS\SVN\KINECT-SKYDIVING\KINECTSKYDIVING\OBJ\RELEASE\SPRITEPLANET.OBJ
D:\PROJECTS\SVN\KINECT-SKYDIVING\KINECTSKYDIVING\OBJ\RELEASE\STAR.OBJ
D:\PROJECTS\SVN\KINECT-SKYDIVING\KINECTSKYDIVING\OBJ\RELEASE\UNIVERSE.OBJ
D:\PROJECTS\SVN\KINECT-SKYDIVING\KINECTSKYDIVING\OBJ\RELEASE\UTILITY.OBJ
D:\Projects\SVN\kinect-skydiving\KinectSkyDiving\obj\Release\vc100.idb
D:\PROJECTS\SVN\KINECT-SKYDIVING\KINECTSKYDIVING\OBJ\RELEASE\VC100.PDB
